"../../../Engine/Content/EditorResources/S_Actor.ubulk" 0
"../../../Engine/Content/EditorResources/S_Actor.uasset" 1
"../../../Engine/Content/EditorResources/S_Actor.uexp" 2
"../../../Engine/Content/EditorResources/S_BoxReflectionCapture.uasset" 3
"../../../Engine/Content/EditorResources/S_BoxReflectionCapture.uexp" 4
"../../../Engine/Content/EngineResources/DefaultTexture.ubulk" 5
"../../../Engine/Content/EngineResources/DefaultTexture.uasset" 6
"../../../Engine/Content/EngineResources/DefaultTexture.uexp" 7
"../../../Engine/Content/EngineResources/DefaultTextureCube.uasset" 8
"../../../Engine/Content/EngineResources/DefaultTextureCube.uexp" 9
"../../../Engine/Content/EngineResources/DefaultVolumeTexture2D.uasset" 10
"../../../Engine/Content/EngineResources/DefaultVolumeTexture2D.uexp" 11
"../../../Engine/Content/EngineResources/DefaultVolumeTexture.uasset" 12
"../../../Engine/Content/EngineResources/DefaultVolumeTexture.uexp" 13
"../../../Engine/Content/EditorResources/S_Trigger.ubulk" 14
"../../../Engine/Content/EditorResources/S_Trigger.uasset" 15
"../../../Engine/Content/EditorResources/S_Trigger.uexp" 16
"../../../Engine/Content/EditorResources/S_TriggerBox.uasset" 17
"../../../Engine/Content/EditorResources/S_TriggerBox.uexp" 18
"../../../Engine/Content/EditorResources/S_TriggerCapsule.uasset" 19
"../../../Engine/Content/EditorResources/S_TriggerCapsule.uexp" 20
"../../../Engine/Content/EditorResources/S_TriggerSphere.uasset" 21
"../../../Engine/Content/EditorResources/S_TriggerSphere.uexp" 22
"../../../Engine/Content/EngineMeshes/Sphere.ubulk" 23
"../../../Engine/Content/EngineMeshes/Sphere.uasset" 24
"../../../Engine/Content/EngineMeshes/Sphere.uexp" 25
"../../../Engine/Content/EngineResources/GradientTexture0.uasset" 26
"../../../Engine/Content/EngineResources/GradientTexture0.uexp" 27
"../../../Engine/Content/EngineResources/Black.uasset" 28
"../../../Engine/Content/EngineResources/Black.uexp" 29
"../../../Engine/Content/VREditor/LaserPointer/VR_LaserPower_01.ubulk" 30
"../../../Engine/Content/VREditor/LaserPointer/VR_LaserPower_01.uasset" 31
"../../../Engine/Content/VREditor/LaserPointer/VR_LaserPower_01.uexp" 32
"../../../Engine/Content/VREditor/TransformGizmo/TransformGizmoMaterial.uasset" 33
"../../../Engine/Content/VREditor/TransformGizmo/TransformGizmoMaterial.uexp" 34
"../../../Engine/Content/VREditor/TransformGizmo/TranslucentTransformGizmoMaterial.uasset" 35
"../../../Engine/Content/VREditor/TransformGizmo/TranslucentTransformGizmoMaterial.uexp" 36
"../../../Engine/Content/VREditor/TransformGizmo/PlaneTranslationHandle.ubulk" 37
"../../../Engine/Content/VREditor/TransformGizmo/PlaneTranslationHandle.uasset" 38
"../../../Engine/Content/VREditor/TransformGizmo/PlaneTranslationHandle.uexp" 39
"../../../Engine/Content/VREditor/TransformGizmo/BoundingBoxCorner.ubulk" 40
"../../../Engine/Content/VREditor/TransformGizmo/BoundingBoxCorner.uasset" 41
"../../../Engine/Content/VREditor/TransformGizmo/BoundingBoxCorner.uexp" 42
"../../../Engine/Content/VREditor/TransformGizmo/BoundingBoxEdge.ubulk" 43
"../../../Engine/Content/VREditor/TransformGizmo/BoundingBoxEdge.uasset" 44
"../../../Engine/Content/VREditor/TransformGizmo/BoundingBoxEdge.uexp" 45
"../../../Engine/Content/VREditor/TransformGizmo/Main.uasset" 46
"../../../Engine/Content/VREditor/TransformGizmo/Main.uexp" 47
"../../../Engine/Content/VREditor/TransformGizmo/Xray.uasset" 48
"../../../Engine/Content/VREditor/TransformGizmo/Xray.uexp" 49
"../../../Engine/Content/VREditor/TransformGizmo/SM_Sequencer_Node.ubulk" 50
"../../../Engine/Content/VREditor/TransformGizmo/SM_Sequencer_Node.uasset" 51
"../../../Engine/Content/VREditor/TransformGizmo/SM_Sequencer_Node.uexp" 52
"../../../Engine/Content/EditorMaterials/Camera/CineMat.uasset" 53
"../../../Engine/Content/EditorMaterials/Camera/CineMat.uexp" 54
"../../../Engine/Content/EditorMaterials/Camera/MI_CineMat_Rig.uasset" 55
"../../../Engine/Content/EditorMaterials/Camera/MI_CineMat_Rig.uexp" 56
"../../../Engine/Content/EditorMeshes/Camera/SM_CraneRig_Base.ubulk" 57
"../../../Engine/Content/EditorMeshes/Camera/SM_CraneRig_Base.uasset" 58
"../../../Engine/Content/EditorMeshes/Camera/SM_CraneRig_Base.uexp" 59
"../../../Engine/Content/EditorMeshes/Camera/SM_CraneRig_Arm.ubulk" 60
"../../../Engine/Content/EditorMeshes/Camera/SM_CraneRig_Arm.uasset" 61
"../../../Engine/Content/EditorMeshes/Camera/SM_CraneRig_Arm.uexp" 62
"../../../Engine/Content/EditorMeshes/Camera/SM_CraneRig_Mount.ubulk" 63
"../../../Engine/Content/EditorMeshes/Camera/SM_CraneRig_Mount.uasset" 64
"../../../Engine/Content/EditorMeshes/Camera/SM_CraneRig_Mount.uexp" 65
"../../../Engine/Content/EditorMeshes/Camera/SM_CraneRig_Body.ubulk" 66
"../../../Engine/Content/EditorMeshes/Camera/SM_CraneRig_Body.uasset" 67
"../../../Engine/Content/EditorMeshes/Camera/SM_CraneRig_Body.uexp" 68
"../../../Engine/Content/EditorMeshes/Camera/SM_RailRig_Track.ubulk" 69
"../../../Engine/Content/EditorMeshes/Camera/SM_RailRig_Track.uasset" 70
"../../../Engine/Content/EditorMeshes/Camera/SM_RailRig_Track.uexp" 71
"../../../Engine/Content/EditorMeshes/Camera/SM_RailRig_Mount.ubulk" 72
"../../../Engine/Content/EditorMeshes/Camera/SM_RailRig_Mount.uasset" 73
"../../../Engine/Content/EditorMeshes/Camera/SM_RailRig_Mount.uexp" 74
"../../../Engine/Content/EngineMaterials/T_Default_Material_Grid_M.ubulk" 75
"../../../Engine/Content/EngineMaterials/T_Default_Material_Grid_M.uasset" 76
"../../../Engine/Content/EngineMaterials/T_Default_Material_Grid_M.uexp" 77
"../../../Engine/Content/EngineMaterials/T_Default_Material_Grid_N.ubulk" 78
"../../../Engine/Content/EngineMaterials/T_Default_Material_Grid_N.uasset" 79
"../../../Engine/Content/EngineMaterials/T_Default_Material_Grid_N.uexp" 80
"../../../Engine/Content/Functions/Engine_MaterialFunctions01/Opacity/CameraDepthFade.uasset" 81
"../../../Engine/Content/Functions/Engine_MaterialFunctions01/Opacity/CameraDepthFade.uexp" 82
"../../../Engine/Content/EngineMaterials/WorldGridMaterial.uasset" 83
"../../../Engine/Content/EngineMaterials/WorldGridMaterial.uexp" 84
"../../../Engine/Content/ArtTools/RenderToTexture/Meshes/S_1_Unit_Plane.ubulk" 85
"../../../Engine/Content/ArtTools/RenderToTexture/Meshes/S_1_Unit_Plane.uasset" 86
"../../../Engine/Content/ArtTools/RenderToTexture/Meshes/S_1_Unit_Plane.uexp" 87
"../../../Engine/Content/EditorMaterials/ParticleSystems/PSysThumbnail_NoImage.ubulk" 88
"../../../Engine/Content/EditorMaterials/ParticleSystems/PSysThumbnail_NoImage.uasset" 89
"../../../Engine/Content/EditorMaterials/ParticleSystems/PSysThumbnail_NoImage.uexp" 90
"../../../Engine/Content/EditorMaterials/ParticleSystems/PSysThumbnail_OOD.ubulk" 91
"../../../Engine/Content/EditorMaterials/ParticleSystems/PSysThumbnail_OOD.uasset" 92
"../../../Engine/Content/EditorMaterials/ParticleSystems/PSysThumbnail_OOD.uexp" 93
"../../../Engine/Content/EditorLandscapeResources/SplineEditorMeshMat.uasset" 94
"../../../Engine/Content/EditorLandscapeResources/SplineEditorMeshMat.uexp" 95
"../../../Engine/Content/EditorLandscapeResources/SplineEditorMesh.ubulk" 96
"../../../Engine/Content/EditorLandscapeResources/SplineEditorMesh.uasset" 97
"../../../Engine/Content/EditorLandscapeResources/SplineEditorMesh.uexp" 98
"../../../Engine/Content/EditorResources/S_Solver.ubulk" 99
"../../../Engine/Content/EditorResources/S_Solver.uasset" 100
"../../../Engine/Content/EditorResources/S_Solver.uexp" 101
"../../../Engine/Plugins/Media/MediaPlate/Content/SM_MediaPlateScreen.ubulk" 102
"../../../Engine/Plugins/Media/MediaPlate/Content/SM_MediaPlateScreen.uasset" 103
"../../../Engine/Plugins/Media/MediaPlate/Content/SM_MediaPlateScreen.uexp" 104
"../../../Engine/Content/EngineMaterials/Good64x64TilingNoiseHighFreq.uasset" 105
"../../../Engine/Content/EngineMaterials/Good64x64TilingNoiseHighFreq.uexp" 106
"../../../Engine/Content/EngineMaterials/DefaultBokeh.uasset" 107
"../../../Engine/Content/EngineMaterials/DefaultBokeh.uexp" 108
"../../../Engine/Content/EngineMaterials/PreintegratedSkinBRDF.uasset" 109
"../../../Engine/Content/EngineMaterials/PreintegratedSkinBRDF.uexp" 110
"../../../Engine/Content/EngineMaterials/MiniFont.uasset" 111
"../../../Engine/Content/EngineMaterials/MiniFont.uexp" 112
"../../../Engine/Content/EngineMaterials/WeightMapPlaceholderTexture.uasset" 113
"../../../Engine/Content/EngineMaterials/WeightMapPlaceholderTexture.uexp" 114
"../../../Engine/Content/EngineMaterials/DefaultWhiteGrid.ubulk" 115
"../../../Engine/Content/EngineMaterials/DefaultWhiteGrid.uasset" 116
"../../../Engine/Content/EngineMaterials/DefaultWhiteGrid.uexp" 117
"../../../Engine/Content/Animation/DefaultRecorderBoneCompression.uasset" 118
"../../../Engine/Content/Animation/DefaultRecorderBoneCompression.uexp" 119
"../../../Engine/Content/EngineMaterials/DefaultMaterial.uasset" 120
"../../../Engine/Content/EngineMaterials/DefaultMaterial.uexp" 121
"../../../Engine/Content/BasicShapes/Sphere.ubulk" 122
"../../../Engine/Content/BasicShapes/Sphere.uasset" 123
"../../../Engine/Content/BasicShapes/Sphere.uexp" 124
"../../../Engine/Content/BasicShapes/Plane.ubulk" 125
"../../../Engine/Content/BasicShapes/Plane.uasset" 126
"../../../Engine/Content/BasicShapes/Plane.uexp" 127
"../../../Engine/Content/BasicShapes/Cylinder.ubulk" 128
"../../../Engine/Content/BasicShapes/Cylinder.uasset" 129
"../../../Engine/Content/BasicShapes/Cylinder.uexp" 130
"../../../Engine/Content/BasicShapes/Cube.ubulk" 131
"../../../Engine/Content/BasicShapes/Cube.uasset" 132
"../../../Engine/Content/BasicShapes/Cube.uexp" 133
"../../../Engine/Content/BasicShapes/Cone.ubulk" 134
"../../../Engine/Content/BasicShapes/Cone.uasset" 135
"../../../Engine/Content/BasicShapes/Cone.uexp" 136
"../../../Engine/Content/EditorLandscapeResources/DefaultAlphaTexture.uasset" 137
"../../../Engine/Content/EditorLandscapeResources/DefaultAlphaTexture.uexp" 138
"../../../Engine/Content/EditorLandscapeResources/DataLayer.uasset" 139
"../../../Engine/Content/EditorLandscapeResources/DataLayer.uexp" 140
"../../../Engine/Content/EditorMaterials/PreviewShadowIndicator.ubulk" 141
"../../../Engine/Content/EditorMaterials/PreviewShadowIndicator.uasset" 142
"../../../Engine/Content/EditorMaterials/PreviewShadowIndicator.uexp" 143
"../../../Engine/Content/EditorMaterials/PreviewShadowIndicatorMaterial.uasset" 144
"../../../Engine/Content/EditorMaterials/PreviewShadowIndicatorMaterial.uexp" 145
"../../../Engine/Content/EditorMaterials/PhAT_UnselectedMaterial.uasset" 146
"../../../Engine/Content/EditorMaterials/PhAT_UnselectedMaterial.uexp" 147
"../../../Engine/Content/EditorMaterials/PhAT_NoCollisionMaterial.uasset" 148
"../../../Engine/Content/EditorMaterials/PhAT_NoCollisionMaterial.uexp" 149
"../../../Engine/Content/Functions/Engine_MaterialFunctions02/Utility/MakeFloat4.uasset" 150
"../../../Engine/Content/Functions/Engine_MaterialFunctions02/Utility/MakeFloat4.uexp" 151
"../../../Engine/Content/Functions/Engine_MaterialFunctions02/Utility/MakeFloat3.uasset" 152
"../../../Engine/Content/Functions/Engine_MaterialFunctions02/Utility/MakeFloat3.uexp" 153
"../../../Engine/Content/Functions/Engine_MaterialFunctions02/Utility/BreakOutFloat3Components.uasset" 154
"../../../Engine/Content/Functions/Engine_MaterialFunctions02/Utility/BreakOutFloat3Components.uexp" 155
"../../../Engine/Content/EditorMaterials/WorldPartition/WorldPartitionSpatialHashGridPreviewMaterial.uasset" 156
"../../../Engine/Content/EditorMaterials/WorldPartition/WorldPartitionSpatialHashGridPreviewMaterial.uexp" 157
"../../../Engine/Content/EditorResources/S_Terrain.ubulk" 158
"../../../Engine/Content/EditorResources/S_Terrain.uasset" 159
"../../../Engine/Content/EditorResources/S_Terrain.uexp" 160
"../../../Engine/Content/EditorResources/EmptyActor.uasset" 161
"../../../Engine/Content/EditorResources/EmptyActor.uexp" 162
"../../../Engine/Content/EditorResources/BSPVertex.uasset" 163
"../../../Engine/Content/EditorResources/BSPVertex.uexp" 164
"../../../Engine/Content/EditorResources/SequenceRecorder/RecordingIndicator.uasset" 165
"../../../Engine/Content/EditorResources/SequenceRecorder/RecordingIndicator.uexp" 166
"../../../Engine/Content/EditorResources/SequenceRecorder/Countdown.uasset" 167
"../../../Engine/Content/EditorResources/SequenceRecorder/Countdown.uexp" 168
"../../../Engine/Content/EngineDamageTypes/DmgTypeBP_Environmental.uasset" 169
"../../../Engine/Content/EngineDamageTypes/DmgTypeBP_Environmental.uexp" 170
"../../../Engine/Content/Functions/Engine_MaterialFunctions02/Utility/CameraDirectionVector.uasset" 171
"../../../Engine/Content/Functions/Engine_MaterialFunctions02/Utility/CameraDirectionVector.uexp" 172
"../../../Engine/Content/EngineDebugMaterials/VolumeToRender.uasset" 173
"../../../Engine/Content/EngineDebugMaterials/VolumeToRender.uexp" 174
"../../../Engine/Content/EngineDebugMaterials/M_VolumeRenderSphereTracePP.uasset" 175
"../../../Engine/Content/EngineDebugMaterials/M_VolumeRenderSphereTracePP.uexp" 176
"../../../Engine/Content/EngineDebugMaterials/M_SimpleUnlitTranslucent.uasset" 177
"../../../Engine/Content/EngineDebugMaterials/M_SimpleUnlitTranslucent.uexp" 178
"../../../Engine/Content/EngineDebugMaterials/DebugMeshMaterial.uasset" 179
"../../../Engine/Content/EngineDebugMaterials/DebugMeshMaterial.uexp" 180
"../../../Engine/Content/EngineDebugMaterials/DebugEditorMaterial.uasset" 181
"../../../Engine/Content/EngineDebugMaterials/DebugEditorMaterial.uexp" 182
"../../../Engine/Content/EngineFonts/Faces/RobotoLight.uexp" 183
"../../../Engine/Content/EngineFonts/Faces/RobotoLight.uasset" 184
"../../../Engine/Content/EngineFonts/Faces/RobotoLight.ufont" 185
"../../../Engine/Content/EngineFonts/Faces/RobotoBold.uexp" 186
"../../../Engine/Content/EngineFonts/Faces/RobotoBold.uasset" 187
"../../../Engine/Content/EngineFonts/Faces/RobotoBold.ufont" 188
"../../../Engine/Content/EngineFonts/Faces/RobotoRegular.uexp" 189
"../../../Engine/Content/EngineFonts/Faces/RobotoRegular.uasset" 190
"../../../Engine/Content/EngineFonts/Faces/RobotoRegular.ufont" 191
"../../../Engine/Content/EngineFonts/Faces/DroidSansFallback.uexp" 192
"../../../Engine/Content/EngineFonts/Faces/DroidSansFallback.uasset" 193
"../../../Engine/Content/EngineFonts/Faces/DroidSansFallback.ufont" 194
"../../../Engine/Content/EngineFonts/Faces/RobotoItalic.uexp" 195
"../../../Engine/Content/EngineFonts/Faces/RobotoItalic.uasset" 196
"../../../Engine/Content/EngineFonts/Faces/RobotoItalic.ufont" 197
"../../../Engine/Content/EngineFonts/Faces/RobotoBoldItalic.uexp" 198
"../../../Engine/Content/EngineFonts/Faces/RobotoBoldItalic.uasset" 199
"../../../Engine/Content/EngineFonts/Faces/RobotoBoldItalic.ufont" 200
"../../../Engine/Content/EngineFonts/Roboto.uasset" 201
"../../../Engine/Content/EngineFonts/Roboto.uexp" 202
"../../../Engine/Content/EngineResources/WhiteSquareTexture.uasset" 203
"../../../Engine/Content/EngineResources/WhiteSquareTexture.uexp" 204
"../../../Engine/Content/EngineMaterials/Widget3DPassThrough.uasset" 205
"../../../Engine/Content/EngineMaterials/Widget3DPassThrough.uexp" 206
"../../../Engine/Content/EngineMaterials/Widget3DPassThrough_Translucent.uasset" 207
"../../../Engine/Content/EngineMaterials/Widget3DPassThrough_Translucent.uexp" 208
"../../../Engine/Content/EngineMaterials/Widget3DPassThrough_Translucent_OneSided.uasset" 209
"../../../Engine/Content/EngineMaterials/Widget3DPassThrough_Translucent_OneSided.uexp" 210
"../../../Engine/Content/EngineMaterials/Widget3DPassThrough_Opaque.uasset" 211
"../../../Engine/Content/EngineMaterials/Widget3DPassThrough_Opaque.uexp" 212
"../../../Engine/Content/EngineMaterials/Widget3DPassThrough_Opaque_OneSided.uasset" 213
"../../../Engine/Content/EngineMaterials/Widget3DPassThrough_Opaque_OneSided.uexp" 214
"../../../Engine/Content/EngineMaterials/Widget3DPassThrough_Masked_OneSided.uasset" 215
"../../../Engine/Content/EngineMaterials/Widget3DPassThrough_Masked_OneSided.uexp" 216
"../../../Engine/Content/EngineMaterials/Widget3DPassThrough_Masked.uasset" 217
"../../../Engine/Content/EngineMaterials/Widget3DPassThrough_Masked.uexp" 218
"../../../Engine/Content/EngineMaterials/STBlueNoise_vec2_128x128x64.uasset" 219
"../../../Engine/Content/EngineMaterials/STBlueNoise_vec2_128x128x64.uexp" 220
"../../../Engine/Content/EngineMaterials/STBlueNoise_scalar_128x128x64.uasset" 221
"../../../Engine/Content/EngineMaterials/STBlueNoise_scalar_128x128x64.uexp" 222
"../../../Engine/Content/EngineMaterials/RemoveSurfaceMaterial.uasset" 223
"../../../Engine/Content/EngineMaterials/RemoveSurfaceMaterial.uexp" 224
"../../../Engine/Content/EngineMaterials/DefaultCalibrationGrayscale.uasset" 225
"../../../Engine/Content/EngineMaterials/DefaultCalibrationGrayscale.uexp" 226
"../../../Engine/Content/EngineMaterials/PPM_DefaultCalibrationGrayscale.uasset" 227
"../../../Engine/Content/EngineMaterials/PPM_DefaultCalibrationGrayscale.uexp" 228
"../../../Engine/Content/EngineMaterials/DefaultCalibrationColor.uasset" 229
"../../../Engine/Content/EngineMaterials/DefaultCalibrationColor.uexp" 230
"../../../Engine/Content/EngineMaterials/PPM_DefaultCalibrationColor.uasset" 231
"../../../Engine/Content/EngineMaterials/PPM_DefaultCalibrationColor.uexp" 232
"../../../Engine/Content/Functions/Engine_MaterialFunctions02/WorldPositionOffset/CameraOffset.uasset" 233
"../../../Engine/Content/Functions/Engine_MaterialFunctions02/WorldPositionOffset/CameraOffset.uexp" 234
"../../../Engine/Content/EngineMaterials/PhAT_JointLimitMaterial.uasset" 235
"../../../Engine/Content/EngineMaterials/PhAT_JointLimitMaterial.uexp" 236
"../../../Engine/Content/EngineMaterials/InvalidLightmapSettings.ubulk" 237
"../../../Engine/Content/EngineMaterials/InvalidLightmapSettings.uasset" 238
"../../../Engine/Content/EngineMaterials/InvalidLightmapSettings.uexp" 239
"../../../Engine/Content/EngineMaterials/M_InvalidLightmapSettings.uasset" 240
"../../../Engine/Content/EngineMaterials/M_InvalidLightmapSettings.uexp" 241
"../../../Engine/Content/EngineMaterials/GizmoMaterial.uasset" 242
"../../../Engine/Content/EngineMaterials/GizmoMaterial.uexp" 243
"../../../Engine/Content/EngineMaterials/BaseFlattenEmissiveMap_VT.uasset" 244
"../../../Engine/Content/EngineMaterials/BaseFlattenEmissiveMap_VT.uexp" 245
"../../../Engine/Content/EngineMaterials/BaseFlattenGrayscaleMap_VT.uasset" 246
"../../../Engine/Content/EngineMaterials/BaseFlattenGrayscaleMap_VT.uexp" 247
"../../../Engine/Content/EngineMaterials/BaseFlattenLinearColor_VT.uasset" 248
"../../../Engine/Content/EngineMaterials/BaseFlattenLinearColor_VT.uexp" 249
"../../../Engine/Content/EngineMaterials/Black_1x1_EXR_Texture_VT.uasset" 250
"../../../Engine/Content/EngineMaterials/Black_1x1_EXR_Texture_VT.uexp" 251
"../../../Engine/Content/EngineMaterials/BaseFlattenDiffuseMap_VT.uasset" 252
"../../../Engine/Content/EngineMaterials/BaseFlattenDiffuseMap_VT.uexp" 253
"../../../Engine/Content/EngineMaterials/BaseFlattenNormalMap_VT.uasset" 254
"../../../Engine/Content/EngineMaterials/BaseFlattenNormalMap_VT.uexp" 255
"../../../Engine/Content/EngineMaterials/FlattenMaterial_WS_Normal_VT.uasset" 256
"../../../Engine/Content/EngineMaterials/FlattenMaterial_WS_Normal_VT.uexp" 257
"../../../Engine/Content/EngineMaterials/FlattenMaterial_VT.uasset" 258
"../../../Engine/Content/EngineMaterials/FlattenMaterial_VT.uexp" 259
"../../../Engine/Content/EngineMaterials/BaseFlattenNormalMap.uasset" 260
"../../../Engine/Content/EngineMaterials/BaseFlattenNormalMap.uexp" 261
"../../../Engine/Content/EngineMaterials/BaseFlattenGrayscaleMap.uasset" 262
"../../../Engine/Content/EngineMaterials/BaseFlattenGrayscaleMap.uexp" 263
"../../../Engine/Content/EngineMaterials/BaseFlattenDiffuseMap.uasset" 264
"../../../Engine/Content/EngineMaterials/BaseFlattenDiffuseMap.uexp" 265
"../../../Engine/Content/Functions/Engine_MaterialFunctions02/PivotPainter2/Black_1x1_EXR_Texture.uasset" 266
"../../../Engine/Content/Functions/Engine_MaterialFunctions02/PivotPainter2/Black_1x1_EXR_Texture.uexp" 267
"../../../Engine/Content/EngineMaterials/BaseFlattenEmissiveMap.uasset" 268
"../../../Engine/Content/EngineMaterials/BaseFlattenEmissiveMap.uexp" 269
"../../../Engine/Content/EngineMaterials/BaseFlattenLinearColor.uasset" 270
"../../../Engine/Content/EngineMaterials/BaseFlattenLinearColor.uexp" 271
"../../../Engine/Content/EngineMaterials/FlattenMaterial.uasset" 272
"../../../Engine/Content/EngineMaterials/FlattenMaterial.uexp" 273
"../../../Engine/Content/EngineMaterials/DefaultWhiteGrid_Low.uasset" 274
"../../../Engine/Content/EngineMaterials/DefaultWhiteGrid_Low.uexp" 275
"../../../Engine/Content/EngineMaterials/EmissiveMeshMaterial.uasset" 276
"../../../Engine/Content/EngineMaterials/EmissiveMeshMaterial.uexp" 277
"../../../Engine/Content/EngineFonts/RobotoDistanceField.uasset" 278
"../../../Engine/Content/EngineFonts/RobotoDistanceField.uexp" 279
"../../../Engine/Content/EngineMaterials/DefaultTextMaterialOpaque.uasset" 280
"../../../Engine/Content/EngineMaterials/DefaultTextMaterialOpaque.uexp" 281
"../../../Engine/Content/EngineMaterials/DefaultDiffuse.ubulk" 282
"../../../Engine/Content/EngineMaterials/DefaultDiffuse.uasset" 283
"../../../Engine/Content/EngineMaterials/DefaultDiffuse.uexp" 284
"../../../Engine/Content/Functions/Engine_MaterialFunctions02/Utility/BreakOutFloat2Components.uasset" 285
"../../../Engine/Content/Functions/Engine_MaterialFunctions02/Utility/BreakOutFloat2Components.uexp" 286
"../../../Engine/Content/EngineMaterials/DefaultPostProcessMaterial.uasset" 287
"../../../Engine/Content/EngineMaterials/DefaultPostProcessMaterial.uexp" 288
"../../../Engine/Content/EngineMaterials/DefaultPhysicalMaterial.uasset" 289
"../../../Engine/Content/EngineMaterials/DefaultPhysicalMaterial.uexp" 290
"../../../Engine/Content/EngineMaterials/DefaultLightFunctionMaterial.uasset" 291
"../../../Engine/Content/EngineMaterials/DefaultLightFunctionMaterial.uexp" 292
"../../../Engine/Content/EngineMaterials/DefaultDestructiblePhysicalMaterial.uasset" 293
"../../../Engine/Content/EngineMaterials/DefaultDestructiblePhysicalMaterial.uexp" 294
"../../../Engine/Content/EngineMaterials/DefaultDeferredDecalMaterial.uasset" 295
"../../../Engine/Content/EngineMaterials/DefaultDeferredDecalMaterial.uexp" 296
"../../../Engine/Content/EngineMaterials/DefaultBloomKernel.uasset" 297
"../../../Engine/Content/EngineMaterials/DefaultBloomKernel.uexp" 298
"../../../Engine/Content/EngineResources/FilmGrains/Marcie_Grain_v3_128_M2_000.uasset" 299
"../../../Engine/Content/EngineResources/FilmGrains/Marcie_Grain_v3_128_M2_000.uexp" 300
"../../../Engine/Content/EngineSky/VolumetricClouds/CloudWeatherTexture.uasset" 301
"../../../Engine/Content/EngineSky/VolumetricClouds/CloudWeatherTexture.uexp" 302
"../../../Engine/Content/Functions/Engine_MaterialFunctions02/Utility/MakeFloat2.uasset" 303
"../../../Engine/Content/Functions/Engine_MaterialFunctions02/Utility/MakeFloat2.uexp" 304
"../../../Engine/Content/EngineSky/VolumetricClouds/CloudGradientTexture.uasset" 305
"../../../Engine/Content/EngineSky/VolumetricClouds/CloudGradientTexture.uexp" 306
"../../../Engine/Content/EngineSky/VolumetricClouds/T_NoiseShape64.ubulk" 307
"../../../Engine/Content/EngineSky/VolumetricClouds/T_NoiseShape64.uasset" 308
"../../../Engine/Content/EngineSky/VolumetricClouds/T_NoiseShape64.uexp" 309
"../../../Engine/Content/EngineSky/VolumetricClouds/T_VolumeNoiseShape64.uasset" 310
"../../../Engine/Content/EngineSky/VolumetricClouds/T_VolumeNoiseShape64.uexp" 311
"../../../Engine/Content/EngineSky/VolumetricClouds/T_NoiseErosion.ubulk" 312
"../../../Engine/Content/EngineSky/VolumetricClouds/T_NoiseErosion.uasset" 313
"../../../Engine/Content/EngineSky/VolumetricClouds/T_NoiseErosion.uexp" 314
"../../../Engine/Content/EngineSky/VolumetricClouds/T_VolumeNoiseErosion32.uasset" 315
"../../../Engine/Content/EngineSky/VolumetricClouds/T_VolumeNoiseErosion32.uexp" 316
"../../../Engine/Content/EngineSky/VolumetricClouds/m_SimpleVolumetricCloud.uasset" 317
"../../../Engine/Content/EngineSky/VolumetricClouds/m_SimpleVolumetricCloud.uexp" 318
"../../../Engine/Content/EngineSky/VolumetricClouds/m_SimpleVolumetricCloud_Inst.uasset" 319
"../../../Engine/Content/EngineSky/VolumetricClouds/m_SimpleVolumetricCloud_Inst.uexp" 320
"../../../Engine/Content/EngineSounds/Master.uasset" 321
"../../../Engine/Content/EngineSounds/Master.uexp" 322
"../../../Engine/Content/Functions/Engine_MaterialFunctions01/Shading/PowerToRoughness.uasset" 323
"../../../Engine/Content/Functions/Engine_MaterialFunctions01/Shading/PowerToRoughness.uexp" 324
"../../../Engine/Content/MobileResources/HUD/VirtualJoystick_Background.uasset" 325
"../../../Engine/Content/MobileResources/HUD/VirtualJoystick_Background.uexp" 326
"../../../Engine/Content/MobileResources/HUD/VirtualJoystick_Thumb.uasset" 327
"../../../Engine/Content/MobileResources/HUD/VirtualJoystick_Thumb.uexp" 328
"../../../Engine/Content/MobileResources/HUD/DefaultVirtualJoysticks.uasset" 329
"../../../Engine/Content/MobileResources/HUD/DefaultVirtualJoysticks.uexp" 330
"../../../Engine/Plugins/2D/Paper2D/Content/PlaceholderTextures/DummySpriteTexture.ubulk" 331
"../../../Engine/Plugins/2D/Paper2D/Content/PlaceholderTextures/DummySpriteTexture.uasset" 332
"../../../Engine/Plugins/2D/Paper2D/Content/PlaceholderTextures/DummySpriteTexture.uexp" 333
"../../../Engine/Plugins/2D/Paper2D/Content/DefaultSpriteMaterial.uasset" 334
"../../../Engine/Plugins/2D/Paper2D/Content/DefaultSpriteMaterial.uexp" 335
"../../../Engine/Plugins/2D/Paper2D/Content/OpaqueUnlitSpriteMaterial.uasset" 336
"../../../Engine/Plugins/2D/Paper2D/Content/OpaqueUnlitSpriteMaterial.uexp" 337
"../../../Engine/Plugins/2D/Paper2D/Content/MaskedUnlitSpriteMaterial.uasset" 338
"../../../Engine/Plugins/2D/Paper2D/Content/MaskedUnlitSpriteMaterial.uexp" 339
"../../../Engine/Plugins/2D/Paper2D/Content/DummySprite.uasset" 340
"../../../Engine/Plugins/2D/Paper2D/Content/DummySprite.uexp" 341
"../../../Engine/Plugins/2D/Paper2D/Content/DefaultPaperTerrainMaterial.uasset" 342
"../../../Engine/Plugins/2D/Paper2D/Content/DefaultPaperTerrainMaterial.uexp" 343
"../../../Engine/Plugins/Animation/ControlRig/Content/M_Manip.uasset" 344
"../../../Engine/Plugins/Animation/ControlRig/Content/M_Manip.uexp" 345
"../../../Engine/Plugins/Animation/ControlRig/Content/Controls/DefaultGizmoLibraryNormalized.uasset" 346
"../../../Engine/Plugins/Animation/ControlRig/Content/Controls/DefaultGizmoLibraryNormalized.uexp" 347
"../../../Engine/Plugins/Animation/ControlRig/Content/Controls/ControlRig_Wedge_solid.ubulk" 348
"../../../Engine/Plugins/Animation/ControlRig/Content/Controls/ControlRig_Wedge_solid.uasset" 349
"../../../Engine/Plugins/Animation/ControlRig/Content/Controls/ControlRig_Wedge_solid.uexp" 350
"../../../Engine/Plugins/Animation/ControlRig/Content/Controls/ControlRig_Wedge_3mm.ubulk" 351
"../../../Engine/Plugins/Animation/ControlRig/Content/Controls/ControlRig_Wedge_3mm.uasset" 352
"../../../Engine/Plugins/Animation/ControlRig/Content/Controls/ControlRig_Wedge_3mm.uexp" 353
"../../../Engine/Plugins/Animation/ControlRig/Content/Controls/ControlRig_Wedge_1mm.ubulk" 354
"../../../Engine/Plugins/Animation/ControlRig/Content/Controls/ControlRig_Wedge_1mm.uasset" 355
"../../../Engine/Plugins/Animation/ControlRig/Content/Controls/ControlRig_Wedge_1mm.uexp" 356
"../../../Engine/Plugins/Animation/ControlRig/Content/Controls/ControlRig_Triangle_solid.ubulk" 357
"../../../Engine/Plugins/Animation/ControlRig/Content/Controls/ControlRig_Triangle_solid.uasset" 358
"../../../Engine/Plugins/Animation/ControlRig/Content/Controls/ControlRig_Triangle_solid.uexp" 359
"../../../Engine/Plugins/Animation/ControlRig/Content/Controls/ControlRig_Triangle_3mm.ubulk" 360
"../../../Engine/Plugins/Animation/ControlRig/Content/Controls/ControlRig_Triangle_3mm.uasset" 361
"../../../Engine/Plugins/Animation/ControlRig/Content/Controls/ControlRig_Triangle_3mm.uexp" 362
"../../../Engine/Plugins/Animation/ControlRig/Content/Controls/ControlRig_Triangle_1mm.ubulk" 363
"../../../Engine/Plugins/Animation/ControlRig/Content/Controls/ControlRig_Triangle_1mm.uasset" 364
"../../../Engine/Plugins/Animation/ControlRig/Content/Controls/ControlRig_Triangle_1mm.uexp" 365
"../../../Engine/Plugins/Animation/ControlRig/Content/Controls/ControlRig_Star4_solid.ubulk" 366
"../../../Engine/Plugins/Animation/ControlRig/Content/Controls/ControlRig_Star4_solid.uasset" 367
"../../../Engine/Plugins/Animation/ControlRig/Content/Controls/ControlRig_Star4_solid.uexp" 368
"../../../Engine/Plugins/Animation/ControlRig/Content/Controls/ControlRig_Star4_3mm.ubulk" 369
"../../../Engine/Plugins/Animation/ControlRig/Content/Controls/ControlRig_Star4_3mm.uasset" 370
"../../../Engine/Plugins/Animation/ControlRig/Content/Controls/ControlRig_Star4_3mm.uexp" 371
"../../../Engine/Plugins/Animation/ControlRig/Content/Controls/ControlRig_Star4_1mm.ubulk" 372
"../../../Engine/Plugins/Animation/ControlRig/Content/Controls/ControlRig_Star4_1mm.uasset" 373
"../../../Engine/Plugins/Animation/ControlRig/Content/Controls/ControlRig_Star4_1mm.uexp" 374
"../../../Engine/Plugins/Animation/ControlRig/Content/Controls/ControlRig_Square_solid.ubulk" 375
"../../../Engine/Plugins/Animation/ControlRig/Content/Controls/ControlRig_Square_solid.uasset" 376
"../../../Engine/Plugins/Animation/ControlRig/Content/Controls/ControlRig_Square_solid.uexp" 377
"../../../Engine/Plugins/Animation/ControlRig/Content/Controls/ControlRig_Square_3mm.ubulk" 378
"../../../Engine/Plugins/Animation/ControlRig/Content/Controls/ControlRig_Square_3mm.uasset" 379
"../../../Engine/Plugins/Animation/ControlRig/Content/Controls/ControlRig_Square_3mm.uexp" 380
"../../../Engine/Plugins/Animation/ControlRig/Content/Controls/ControlRig_Square_1mm.ubulk" 381
"../../../Engine/Plugins/Animation/ControlRig/Content/Controls/ControlRig_Square_1mm.uasset" 382
"../../../Engine/Plugins/Animation/ControlRig/Content/Controls/ControlRig_Square_1mm.uexp" 383
"../../../Engine/Plugins/Animation/ControlRig/Content/Controls/ControlRig_Sphere_solid.ubulk" 384
"../../../Engine/Plugins/Animation/ControlRig/Content/Controls/ControlRig_Sphere_solid.uasset" 385
"../../../Engine/Plugins/Animation/ControlRig/Content/Controls/ControlRig_Sphere_solid.uexp" 386
"../../../Engine/Plugins/Animation/ControlRig/Content/Controls/ControlRig_Sphere_3mm.ubulk" 387
"../../../Engine/Plugins/Animation/ControlRig/Content/Controls/ControlRig_Sphere_3mm.uasset" 388
"../../../Engine/Plugins/Animation/ControlRig/Content/Controls/ControlRig_Sphere_3mm.uexp" 389
"../../../Engine/Plugins/Animation/ControlRig/Content/Controls/ControlRig_Sphere_1mm.ubulk" 390
"../../../Engine/Plugins/Animation/ControlRig/Content/Controls/ControlRig_Sphere_1mm.uasset" 391
"../../../Engine/Plugins/Animation/ControlRig/Content/Controls/ControlRig_Sphere_1mm.uexp" 392
"../../../Engine/Plugins/Animation/ControlRig/Content/Controls/ControlRig_RoundedTriangle_solid.ubulk" 393
"../../../Engine/Plugins/Animation/ControlRig/Content/Controls/ControlRig_RoundedTriangle_solid.uasset" 394
"../../../Engine/Plugins/Animation/ControlRig/Content/Controls/ControlRig_RoundedTriangle_solid.uexp" 395
"../../../Engine/Plugins/Animation/ControlRig/Content/Controls/ControlRig_RoundedTriangle_3mm.ubulk" 396
"../../../Engine/Plugins/Animation/ControlRig/Content/Controls/ControlRig_RoundedTriangle_3mm.uasset" 397
"../../../Engine/Plugins/Animation/ControlRig/Content/Controls/ControlRig_RoundedTriangle_3mm.uexp" 398
"../../../Engine/Plugins/Animation/ControlRig/Content/Controls/ControlRig_RoundedTriangle_1mm.ubulk" 399
"../../../Engine/Plugins/Animation/ControlRig/Content/Controls/ControlRig_RoundedTriangle_1mm.uasset" 400
"../../../Engine/Plugins/Animation/ControlRig/Content/Controls/ControlRig_RoundedTriangle_1mm.uexp" 401
"../../../Engine/Plugins/Animation/ControlRig/Content/Controls/ControlRig_RoundedSquare_solid.ubulk" 402
"../../../Engine/Plugins/Animation/ControlRig/Content/Controls/ControlRig_RoundedSquare_solid.uasset" 403
"../../../Engine/Plugins/Animation/ControlRig/Content/Controls/ControlRig_RoundedSquare_solid.uexp" 404
"../../../Engine/Plugins/Animation/ControlRig/Content/Controls/ControlRig_RoundedSquare_3mm.ubulk" 405
"../../../Engine/Plugins/Animation/ControlRig/Content/Controls/ControlRig_RoundedSquare_3mm.uasset" 406
"../../../Engine/Plugins/Animation/ControlRig/Content/Controls/ControlRig_RoundedSquare_3mm.uexp" 407
"../../../Engine/Plugins/Animation/ControlRig/Content/Controls/ControlRig_RoundedSquare_1mm.ubulk" 408
"../../../Engine/Plugins/Animation/ControlRig/Content/Controls/ControlRig_RoundedSquare_1mm.uasset" 409
"../../../Engine/Plugins/Animation/ControlRig/Content/Controls/ControlRig_RoundedSquare_1mm.uexp" 410
"../../../Engine/Plugins/Animation/ControlRig/Content/Controls/ControlRig_QuarterCircle_solid.ubulk" 411
"../../../Engine/Plugins/Animation/ControlRig/Content/Controls/ControlRig_QuarterCircle_solid.uasset" 412
"../../../Engine/Plugins/Animation/ControlRig/Content/Controls/ControlRig_QuarterCircle_solid.uexp" 413
"../../../Engine/Plugins/Animation/ControlRig/Content/Controls/ControlRig_QuarterCircle_3mm.ubulk" 414
"../../../Engine/Plugins/Animation/ControlRig/Content/Controls/ControlRig_QuarterCircle_3mm.uasset" 415
"../../../Engine/Plugins/Animation/ControlRig/Content/Controls/ControlRig_QuarterCircle_3mm.uexp" 416
"../../../Engine/Plugins/Animation/ControlRig/Content/Controls/ControlRig_QuarterCircle_1mm.ubulk" 417
"../../../Engine/Plugins/Animation/ControlRig/Content/Controls/ControlRig_QuarterCircle_1mm.uasset" 418
"../../../Engine/Plugins/Animation/ControlRig/Content/Controls/ControlRig_QuarterCircle_1mm.uexp" 419
"../../../Engine/Plugins/Animation/ControlRig/Content/Controls/ControlRig_Pyramid_solid.ubulk" 420
"../../../Engine/Plugins/Animation/ControlRig/Content/Controls/ControlRig_Pyramid_solid.uasset" 421
"../../../Engine/Plugins/Animation/ControlRig/Content/Controls/ControlRig_Pyramid_solid.uexp" 422
"../../../Engine/Plugins/Animation/ControlRig/Content/Controls/ControlRig_Pyramid_3mm.ubulk" 423
"../../../Engine/Plugins/Animation/ControlRig/Content/Controls/ControlRig_Pyramid_3mm.uasset" 424
"../../../Engine/Plugins/Animation/ControlRig/Content/Controls/ControlRig_Pyramid_3mm.uexp" 425
"../../../Engine/Plugins/Animation/ControlRig/Content/Controls/ControlRig_Pyramid_1mm.ubulk" 426
"../../../Engine/Plugins/Animation/ControlRig/Content/Controls/ControlRig_Pyramid_1mm.uasset" 427
"../../../Engine/Plugins/Animation/ControlRig/Content/Controls/ControlRig_Pyramid_1mm.uexp" 428
"../../../Engine/Plugins/Animation/ControlRig/Content/Controls/ControlRig_Octagon_solid.ubulk" 429
"../../../Engine/Plugins/Animation/ControlRig/Content/Controls/ControlRig_Octagon_solid.uasset" 430
"../../../Engine/Plugins/Animation/ControlRig/Content/Controls/ControlRig_Octagon_solid.uexp" 431
"../../../Engine/Plugins/Animation/ControlRig/Content/Controls/ControlRig_Octagon_3mm.ubulk" 432
"../../../Engine/Plugins/Animation/ControlRig/Content/Controls/ControlRig_Octagon_3mm.uasset" 433
"../../../Engine/Plugins/Animation/ControlRig/Content/Controls/ControlRig_Octagon_3mm.uexp" 434
"../../../Engine/Plugins/Animation/ControlRig/Content/Controls/ControlRig_Octagon_1mm.ubulk" 435
"../../../Engine/Plugins/Animation/ControlRig/Content/Controls/ControlRig_Octagon_1mm.uasset" 436
"../../../Engine/Plugins/Animation/ControlRig/Content/Controls/ControlRig_Octagon_1mm.uexp" 437
"../../../Engine/Plugins/Animation/ControlRig/Content/Controls/ControlRig_Hexagon_solid.ubulk" 438
"../../../Engine/Plugins/Animation/ControlRig/Content/Controls/ControlRig_Hexagon_solid.uasset" 439
"../../../Engine/Plugins/Animation/ControlRig/Content/Controls/ControlRig_Hexagon_solid.uexp" 440
"../../../Engine/Plugins/Animation/ControlRig/Content/Controls/ControlRig_Hexagon_3mm.ubulk" 441
"../../../Engine/Plugins/Animation/ControlRig/Content/Controls/ControlRig_Hexagon_3mm.uasset" 442
"../../../Engine/Plugins/Animation/ControlRig/Content/Controls/ControlRig_Hexagon_3mm.uexp" 443
"../../../Engine/Plugins/Animation/ControlRig/Content/Controls/ControlRig_Hexagon_1mm.ubulk" 444
"../../../Engine/Plugins/Animation/ControlRig/Content/Controls/ControlRig_Hexagon_1mm.uasset" 445
"../../../Engine/Plugins/Animation/ControlRig/Content/Controls/ControlRig_Hexagon_1mm.uexp" 446
"../../../Engine/Plugins/Animation/ControlRig/Content/Controls/ControlRig_HalfCircle_solid.ubulk" 447
"../../../Engine/Plugins/Animation/ControlRig/Content/Controls/ControlRig_HalfCircle_solid.uasset" 448
"../../../Engine/Plugins/Animation/ControlRig/Content/Controls/ControlRig_HalfCircle_solid.uexp" 449
"../../../Engine/Plugins/Animation/ControlRig/Content/Controls/ControlRig_HalfCircle_3mm.ubulk" 450
"../../../Engine/Plugins/Animation/ControlRig/Content/Controls/ControlRig_HalfCircle_3mm.uasset" 451
"../../../Engine/Plugins/Animation/ControlRig/Content/Controls/ControlRig_HalfCircle_3mm.uexp" 452
"../../../Engine/Plugins/Animation/ControlRig/Content/Controls/ControlRig_HalfCircle_1mm.ubulk" 453
"../../../Engine/Plugins/Animation/ControlRig/Content/Controls/ControlRig_HalfCircle_1mm.uasset" 454
"../../../Engine/Plugins/Animation/ControlRig/Content/Controls/ControlRig_HalfCircle_1mm.uexp" 455
"../../../Engine/Plugins/Animation/ControlRig/Content/Controls/ControlRig_Diamond_solid.ubulk" 456
"../../../Engine/Plugins/Animation/ControlRig/Content/Controls/ControlRig_Diamond_solid.uasset" 457
"../../../Engine/Plugins/Animation/ControlRig/Content/Controls/ControlRig_Diamond_solid.uexp" 458
"../../../Engine/Plugins/Animation/ControlRig/Content/Controls/ControlRig_Diamond_3mm.ubulk" 459
"../../../Engine/Plugins/Animation/ControlRig/Content/Controls/ControlRig_Diamond_3mm.uasset" 460
"../../../Engine/Plugins/Animation/ControlRig/Content/Controls/ControlRig_Diamond_3mm.uexp" 461
"../../../Engine/Plugins/Animation/ControlRig/Content/Controls/ControlRig_Diamond_1mm.ubulk" 462
"../../../Engine/Plugins/Animation/ControlRig/Content/Controls/ControlRig_Diamond_1mm.uasset" 463
"../../../Engine/Plugins/Animation/ControlRig/Content/Controls/ControlRig_Diamond_1mm.uexp" 464
"../../../Engine/Plugins/Animation/ControlRig/Content/Controls/ControlRig_Circle_solid.ubulk" 465
"../../../Engine/Plugins/Animation/ControlRig/Content/Controls/ControlRig_Circle_solid.uasset" 466
"../../../Engine/Plugins/Animation/ControlRig/Content/Controls/ControlRig_Circle_solid.uexp" 467
"../../../Engine/Plugins/Animation/ControlRig/Content/Controls/ControlRig_Circle_3mm.ubulk" 468
"../../../Engine/Plugins/Animation/ControlRig/Content/Controls/ControlRig_Circle_3mm.uasset" 469
"../../../Engine/Plugins/Animation/ControlRig/Content/Controls/ControlRig_Circle_3mm.uexp" 470
"../../../Engine/Plugins/Animation/ControlRig/Content/Controls/ControlRig_Circle_1mm.ubulk" 471
"../../../Engine/Plugins/Animation/ControlRig/Content/Controls/ControlRig_Circle_1mm.uasset" 472
"../../../Engine/Plugins/Animation/ControlRig/Content/Controls/ControlRig_Circle_1mm.uexp" 473
"../../../Engine/Plugins/Animation/ControlRig/Content/Controls/ControlRig_Box_solid.ubulk" 474
"../../../Engine/Plugins/Animation/ControlRig/Content/Controls/ControlRig_Box_solid.uasset" 475
"../../../Engine/Plugins/Animation/ControlRig/Content/Controls/ControlRig_Box_solid.uexp" 476
"../../../Engine/Plugins/Animation/ControlRig/Content/Controls/ControlRig_Box_3mm.ubulk" 477
"../../../Engine/Plugins/Animation/ControlRig/Content/Controls/ControlRig_Box_3mm.uasset" 478
"../../../Engine/Plugins/Animation/ControlRig/Content/Controls/ControlRig_Box_3mm.uexp" 479
"../../../Engine/Plugins/Animation/ControlRig/Content/Controls/ControlRig_Box_1mm.ubulk" 480
"../../../Engine/Plugins/Animation/ControlRig/Content/Controls/ControlRig_Box_1mm.uasset" 481
"../../../Engine/Plugins/Animation/ControlRig/Content/Controls/ControlRig_Box_1mm.uexp" 482
"../../../Engine/Plugins/Animation/ControlRig/Content/Controls/ControlRig_Arrow_solid.ubulk" 483
"../../../Engine/Plugins/Animation/ControlRig/Content/Controls/ControlRig_Arrow_solid.uasset" 484
"../../../Engine/Plugins/Animation/ControlRig/Content/Controls/ControlRig_Arrow_solid.uexp" 485
"../../../Engine/Plugins/Animation/ControlRig/Content/Controls/ControlRig_Arrow_3mm.ubulk" 486
"../../../Engine/Plugins/Animation/ControlRig/Content/Controls/ControlRig_Arrow_3mm.uasset" 487
"../../../Engine/Plugins/Animation/ControlRig/Content/Controls/ControlRig_Arrow_3mm.uexp" 488
"../../../Engine/Plugins/Animation/ControlRig/Content/Controls/ControlRig_Arrow_1mm.ubulk" 489
"../../../Engine/Plugins/Animation/ControlRig/Content/Controls/ControlRig_Arrow_1mm.uasset" 490
"../../../Engine/Plugins/Animation/ControlRig/Content/Controls/ControlRig_Arrow_1mm.uexp" 491
"../../../Engine/Plugins/Animation/ControlRig/Content/Controls/ControlRig_Arrow4_solid.ubulk" 492
"../../../Engine/Plugins/Animation/ControlRig/Content/Controls/ControlRig_Arrow4_solid.uasset" 493
"../../../Engine/Plugins/Animation/ControlRig/Content/Controls/ControlRig_Arrow4_solid.uexp" 494
"../../../Engine/Plugins/Animation/ControlRig/Content/Controls/ControlRig_Arrow4_3mm.ubulk" 495
"../../../Engine/Plugins/Animation/ControlRig/Content/Controls/ControlRig_Arrow4_3mm.uasset" 496
"../../../Engine/Plugins/Animation/ControlRig/Content/Controls/ControlRig_Arrow4_3mm.uexp" 497
"../../../Engine/Plugins/Animation/ControlRig/Content/Controls/ControlRig_Arrow4_1mm.ubulk" 498
"../../../Engine/Plugins/Animation/ControlRig/Content/Controls/ControlRig_Arrow4_1mm.uasset" 499
"../../../Engine/Plugins/Animation/ControlRig/Content/Controls/ControlRig_Arrow4_1mm.uexp" 500
"../../../Engine/Plugins/Animation/ControlRig/Content/Controls/ControlRig_Arrow2_solid.ubulk" 501
"../../../Engine/Plugins/Animation/ControlRig/Content/Controls/ControlRig_Arrow2_solid.uasset" 502
"../../../Engine/Plugins/Animation/ControlRig/Content/Controls/ControlRig_Arrow2_solid.uexp" 503
"../../../Engine/Plugins/Animation/ControlRig/Content/Controls/ControlRig_Arrow2_3mm.ubulk" 504
"../../../Engine/Plugins/Animation/ControlRig/Content/Controls/ControlRig_Arrow2_3mm.uasset" 505
"../../../Engine/Plugins/Animation/ControlRig/Content/Controls/ControlRig_Arrow2_3mm.uexp" 506
"../../../Engine/Plugins/Animation/ControlRig/Content/Controls/ControlRig_Arrow2_1mm.ubulk" 507
"../../../Engine/Plugins/Animation/ControlRig/Content/Controls/ControlRig_Arrow2_1mm.uasset" 508
"../../../Engine/Plugins/Animation/ControlRig/Content/Controls/ControlRig_Arrow2_1mm.uexp" 509
"../../../Engine/Plugins/Animation/ControlRig/Content/Controls/ControlRigXRayMaterial.uasset" 510
"../../../Engine/Plugins/Animation/ControlRig/Content/Controls/ControlRigXRayMaterial.uexp" 511
"../../../Engine/Plugins/Animation/ControlRig/Content/Controls/ControlRigGizmoMaterial.uasset" 512
"../../../Engine/Plugins/Animation/ControlRig/Content/Controls/ControlRigGizmoMaterial.uexp" 513
"../../../Engine/Plugins/Editor/SpeedTreeImporter/Content/SpeedTree9/game_wind_noise.ubulk" 514
"../../../Engine/Plugins/Editor/SpeedTreeImporter/Content/SpeedTree9/game_wind_noise.uasset" 515
"../../../Engine/Plugins/Editor/SpeedTreeImporter/Content/SpeedTree9/game_wind_noise.uexp" 516
"../../../Engine/Plugins/Editor/SpeedTreeImporter/Content/SpeedTree9/UnpackDirection.uasset" 517
"../../../Engine/Plugins/Editor/SpeedTreeImporter/Content/SpeedTree9/UnpackDirection.uexp" 518
"../../../Engine/Content/Functions/Engine_MaterialFunctions02/ObjectLocalBounds.uasset" 519
"../../../Engine/Content/Functions/Engine_MaterialFunctions02/ObjectLocalBounds.uexp" 520
"../../../Engine/Content/Functions/Engine_MaterialFunctions02/UVs/BoundingBoxBased_0-1_UVW.uasset" 521
"../../../Engine/Content/Functions/Engine_MaterialFunctions02/UVs/BoundingBoxBased_0-1_UVW.uexp" 522
"../../../Engine/Content/Functions/Engine_MaterialFunctions02/Utility/VectorLength.uasset" 523
"../../../Engine/Content/Functions/Engine_MaterialFunctions02/Utility/VectorLength.uexp" 524
"../../../Engine/Plugins/Editor/SpeedTreeImporter/Content/SpeedTree9/UnpackInteger3.uasset" 525
"../../../Engine/Plugins/Editor/SpeedTreeImporter/Content/SpeedTree9/UnpackInteger3.uexp" 526
"../../../Engine/Plugins/Editor/SpeedTreeImporter/Content/SpeedTree9/SpeedTreeCameraFacing.uasset" 527
"../../../Engine/Plugins/Editor/SpeedTreeImporter/Content/SpeedTree9/SpeedTreeCameraFacing.uexp" 528
"../../../Engine/Content/Functions/Engine_MaterialFunctions02/WorldPositionOffset/ObjectScale.uasset" 529
"../../../Engine/Content/Functions/Engine_MaterialFunctions02/WorldPositionOffset/ObjectScale.uexp" 530
"../../../Engine/Content/Functions/Engine_MaterialFunctions02/SafeNormalize.uasset" 531
"../../../Engine/Content/Functions/Engine_MaterialFunctions02/SafeNormalize.uexp" 532
"../../../Engine/Plugins/Editor/SpeedTreeImporter/Content/SpeedTree9/SpeedTreeWindMotion.uasset" 533
"../../../Engine/Plugins/Editor/SpeedTreeImporter/Content/SpeedTree9/SpeedTreeWindMotion.uexp" 534
"../../../Engine/Plugins/Editor/SpeedTreeImporter/Content/SpeedTree9/SpeedTreeBranchMotion.uasset" 535
"../../../Engine/Plugins/Editor/SpeedTreeImporter/Content/SpeedTree9/SpeedTreeBranchMotion.uexp" 536
"../../../Engine/Plugins/Editor/SpeedTreeImporter/Content/SpeedTree9/SpeedTreeWind.uasset" 537
"../../../Engine/Plugins/Editor/SpeedTreeImporter/Content/SpeedTree9/SpeedTreeWind.uexp" 538
"../../../Engine/Plugins/Editor/SpeedTreeImporter/Content/SpeedTree9/EmptyNormal.uasset" 539
"../../../Engine/Plugins/Editor/SpeedTreeImporter/Content/SpeedTree9/EmptyNormal.uexp" 540
"../../../Engine/Plugins/Editor/SpeedTreeImporter/Content/SpeedTree9/Empty.uasset" 541
"../../../Engine/Plugins/Editor/SpeedTreeImporter/Content/SpeedTree9/Empty.uexp" 542
"../../../Engine/Plugins/Editor/SpeedTreeImporter/Content/SpeedTree9/SpeedTreeMaster.uasset" 543
"../../../Engine/Plugins/Editor/SpeedTreeImporter/Content/SpeedTree9/SpeedTreeMaster.uexp" 544
"../../../Engine/Plugins/Editor/SpeedTreeImporter/Content/SpeedTree9/SpeedTreeBillboard.uasset" 545
"../../../Engine/Plugins/Editor/SpeedTreeImporter/Content/SpeedTree9/SpeedTreeBillboard.uexp" 546
"../../../Engine/Plugins/Editor/SpeedTreeImporter/Content/SpeedTree9/SpeedTreeBillboardMaster.uasset" 547
"../../../Engine/Plugins/Editor/SpeedTreeImporter/Content/SpeedTree9/SpeedTreeBillboardMaster.uexp" 548
"../../../Engine/Content/Functions/Engine_MaterialFunctions02/Texturing/CustomRotator.uasset" 549
"../../../Engine/Content/Functions/Engine_MaterialFunctions02/Texturing/CustomRotator.uexp" 550
"../../../Engine/Content/Functions/Engine_MaterialFunctions02/Texturing/ScreenAlignedPixelToPixelUVs.uasset" 551
"../../../Engine/Content/Functions/Engine_MaterialFunctions02/Texturing/ScreenAlignedPixelToPixelUVs.uexp" 552
"../../../Engine/Plugins/Interchange/Runtime/Content/Utilities/T_Bayer64_Grayscale_64px.uasset" 553
"../../../Engine/Plugins/Interchange/Runtime/Content/Utilities/T_Bayer64_Grayscale_64px.uexp" 554
"../../../Engine/Plugins/Interchange/Runtime/Content/gltf/MaterialFunctions/MF_Temporal_Blur.uasset" 555
"../../../Engine/Plugins/Interchange/Runtime/Content/gltf/MaterialFunctions/MF_Temporal_Blur.uexp" 556
"../../../Engine/Plugins/Interchange/Runtime/Content/gltf/MaterialFunctions/MF_Fresnel_DS.uasset" 557
"../../../Engine/Plugins/Interchange/Runtime/Content/gltf/MaterialFunctions/MF_Fresnel_DS.uexp" 558
"../../../Engine/Plugins/Interchange/Runtime/Content/Functions/MX_Transmission.uasset" 559
"../../../Engine/Plugins/Interchange/Runtime/Content/Functions/MX_Transmission.uexp" 560
"../../../Engine/Plugins/Interchange/Runtime/Content/Functions/MF_OrenNayerView.uasset" 561
"../../../Engine/Plugins/Interchange/Runtime/Content/Functions/MF_OrenNayerView.uexp" 562
"../../../Engine/Plugins/Interchange/Runtime/Content/Functions/MF_SchlickApprox.uasset" 563
"../../../Engine/Plugins/Interchange/Runtime/Content/Functions/MF_SchlickApprox.uexp" 564
"../../../Engine/Plugins/Interchange/Runtime/Content/Utilities/New_LUT.uasset" 565
"../../../Engine/Plugins/Interchange/Runtime/Content/Utilities/New_LUT.uexp" 566
"../../../Engine/Content/Functions/Engine_MaterialFunctions03/Math/RemapValueRange.uasset" 567
"../../../Engine/Content/Functions/Engine_MaterialFunctions03/Math/RemapValueRange.uexp" 568
"../../../Engine/Plugins/Interchange/Runtime/Content/Functions/MF_Iridescence.uasset" 569
"../../../Engine/Plugins/Interchange/Runtime/Content/Functions/MF_Iridescence.uexp" 570
"../../../Engine/Plugins/Interchange/Runtime/Content/Functions/MX_StandardSurface.uasset" 571
"../../../Engine/Plugins/Interchange/Runtime/Content/Functions/MX_StandardSurface.uexp" 572
"../../../Engine/Plugins/Interchange/Runtime/Content/Functions/MX_TransmissionSurface.uasset" 573
"../../../Engine/Plugins/Interchange/Runtime/Content/Functions/MX_TransmissionSurface.uexp" 574
"../../../Engine/Content/Functions/Engine_MaterialFunctions02/Math/AddComponents.uasset" 575
"../../../Engine/Content/Functions/Engine_MaterialFunctions02/Math/AddComponents.uexp" 576
"../../../Engine/Content/Functions/Engine_MaterialFunctions02/WorldPositionOffset/V2/ObjectScale.uasset" 577
"../../../Engine/Content/Functions/Engine_MaterialFunctions02/WorldPositionOffset/V2/ObjectScale.uexp" 578
"../../../Engine/Plugins/Interchange/Runtime/Content/gltf/MaterialFunctions/MF_TransmissionOpacity.uasset" 579
"../../../Engine/Plugins/Interchange/Runtime/Content/gltf/MaterialFunctions/MF_TransmissionOpacity.uexp" 580
"../../../Engine/Plugins/Interchange/Runtime/Content/gltf/MaterialFunctions/MF_RotateV2.uasset" 581
"../../../Engine/Plugins/Interchange/Runtime/Content/gltf/MaterialFunctions/MF_RotateV2.uexp" 582
"../../../Engine/Plugins/Interchange/Runtime/Content/gltf/MaterialFunctions/MF_TransformUVs.uasset" 583
"../../../Engine/Plugins/Interchange/Runtime/Content/gltf/MaterialFunctions/MF_TransformUVs.uexp" 584
"../../../Engine/Plugins/Interchange/Runtime/Content/gltf/Textures/T_White_srgb.uasset" 585
"../../../Engine/Plugins/Interchange/Runtime/Content/gltf/Textures/T_White_srgb.uexp" 586
"../../../Engine/Plugins/Interchange/Runtime/Content/gltf/MaterialFunctions/MF_BaseColor.uasset" 587
"../../../Engine/Plugins/Interchange/Runtime/Content/gltf/MaterialFunctions/MF_BaseColor.uexp" 588
"../../../Engine/Plugins/Interchange/Runtime/Content/gltf/MaterialFunctions/MF_DiffuseSpecGloss.uasset" 589
"../../../Engine/Plugins/Interchange/Runtime/Content/gltf/MaterialFunctions/MF_DiffuseSpecGloss.uexp" 590
"../../../Engine/Plugins/Interchange/Runtime/Content/gltf/Textures/T_White_Linear.uasset" 591
"../../../Engine/Plugins/Interchange/Runtime/Content/gltf/Textures/T_White_Linear.uexp" 592
"../../../Engine/Plugins/Interchange/Runtime/Content/gltf/MaterialFunctions/MF_MetallicRoughness.uasset" 593
"../../../Engine/Plugins/Interchange/Runtime/Content/gltf/MaterialFunctions/MF_MetallicRoughness.uexp" 594
"../../../Engine/Plugins/Interchange/Runtime/Content/gltf/MaterialFunctions/MF_Transmission.uasset" 595
"../../../Engine/Plugins/Interchange/Runtime/Content/gltf/MaterialFunctions/MF_Transmission.uexp" 596
"../../../Engine/Plugins/Interchange/Runtime/Content/gltf/MaterialFunctions/MF_Occlusion.uasset" 597
"../../../Engine/Plugins/Interchange/Runtime/Content/gltf/MaterialFunctions/MF_Occlusion.uexp" 598
"../../../Engine/Plugins/Interchange/Runtime/Content/gltf/MaterialFunctions/MF_Specular.uasset" 599
"../../../Engine/Plugins/Interchange/Runtime/Content/gltf/MaterialFunctions/MF_Specular.uexp" 600
"../../../Engine/Plugins/Interchange/Runtime/Content/gltf/MaterialFunctions/MF_IOR.uasset" 601
"../../../Engine/Plugins/Interchange/Runtime/Content/gltf/MaterialFunctions/MF_IOR.uexp" 602
"../../../Engine/Content/Functions/Engine_MaterialFunctions01/Texturing/FlattenNormal.uasset" 603
"../../../Engine/Content/Functions/Engine_MaterialFunctions01/Texturing/FlattenNormal.uexp" 604
"../../../Engine/Content/Functions/Engine_MaterialFunctions02/Math/Transform3x3Matrix.uasset" 605
"../../../Engine/Content/Functions/Engine_MaterialFunctions02/Math/Transform3x3Matrix.uexp" 606
"../../../Engine/Plugins/Interchange/Runtime/Content/gltf/MaterialFunctions/MF_RotateNormals_TS.uasset" 607
"../../../Engine/Plugins/Interchange/Runtime/Content/gltf/MaterialFunctions/MF_RotateNormals_TS.uexp" 608
"../../../Engine/Plugins/Interchange/Runtime/Content/gltf/Textures/T_Generic_N.uasset" 609
"../../../Engine/Plugins/Interchange/Runtime/Content/gltf/Textures/T_Generic_N.uexp" 610
"../../../Engine/Plugins/Interchange/Runtime/Content/gltf/MaterialFunctions/MF_Normals.uasset" 611
"../../../Engine/Plugins/Interchange/Runtime/Content/gltf/MaterialFunctions/MF_Normals.uexp" 612
"../../../Engine/Plugins/Interchange/Runtime/Content/gltf/MaterialFunctions/MF_PerceivedBrightness.uasset" 613
"../../../Engine/Plugins/Interchange/Runtime/Content/gltf/MaterialFunctions/MF_PerceivedBrightness.uexp" 614
"../../../Engine/Plugins/Interchange/Runtime/Content/gltf/MaterialFunctions/MF_SpecGlossToMetalRoughness.uasset" 615
"../../../Engine/Plugins/Interchange/Runtime/Content/gltf/MaterialFunctions/MF_SpecGlossToMetalRoughness.uexp" 616
"../../../Engine/Plugins/Interchange/Runtime/Content/gltf/M_Transmission.uasset" 617
"../../../Engine/Plugins/Interchange/Runtime/Content/gltf/M_Transmission.uexp" 618
"../../../Engine/Plugins/Interchange/Runtime/Content/gltf/MaterialInstances_MR/MI_Transmission_TS.uasset" 619
"../../../Engine/Plugins/Interchange/Runtime/Content/gltf/MaterialInstances_MR/MI_Transmission_TS.uexp" 620
"../../../Engine/Plugins/Interchange/Runtime/Content/gltf/MaterialInstances_MR/MI_Transmission.uasset" 621
"../../../Engine/Plugins/Interchange/Runtime/Content/gltf/MaterialInstances_MR/MI_Transmission.uexp" 622
"../../../Engine/Plugins/Interchange/Runtime/Content/gltf/MaterialFunctions/MF_Clearcoat.uasset" 623
"../../../Engine/Plugins/Interchange/Runtime/Content/gltf/MaterialFunctions/MF_Clearcoat.uexp" 624
"../../../Engine/Plugins/Interchange/Runtime/Content/gltf/MaterialFunctions/MF_Emissive.uasset" 625
"../../../Engine/Plugins/Interchange/Runtime/Content/gltf/MaterialFunctions/MF_Emissive.uexp" 626
"../../../Engine/Plugins/Interchange/Runtime/Content/gltf/M_Translucent.uasset" 627
"../../../Engine/Plugins/Interchange/Runtime/Content/gltf/M_Translucent.uexp" 628
"../../../Engine/Plugins/Interchange/Runtime/Content/gltf/MaterialInstances_MR/MI_Translucent_TS.uasset" 629
"../../../Engine/Plugins/Interchange/Runtime/Content/gltf/MaterialInstances_MR/MI_Translucent_TS.uexp" 630
"../../../Engine/Plugins/Interchange/Runtime/Content/gltf/MaterialInstances_MR/MI_Translucent_ClearCoat_TS.uasset" 631
"../../../Engine/Plugins/Interchange/Runtime/Content/gltf/MaterialInstances_MR/MI_Translucent_ClearCoat_TS.uexp" 632
"../../../Engine/Plugins/Interchange/Runtime/Content/gltf/MaterialInstances_MR/MI_Translucent_ClearCoat.uasset" 633
"../../../Engine/Plugins/Interchange/Runtime/Content/gltf/MaterialInstances_MR/MI_Translucent_ClearCoat.uexp" 634
"../../../Engine/Plugins/Interchange/Runtime/Content/gltf/MaterialInstances_MR/MI_Translucent.uasset" 635
"../../../Engine/Plugins/Interchange/Runtime/Content/gltf/MaterialInstances_MR/MI_Translucent.uexp" 636
"../../../Engine/Plugins/Interchange/Runtime/Content/gltf/M_Unlit.uasset" 637
"../../../Engine/Plugins/Interchange/Runtime/Content/gltf/M_Unlit.uexp" 638
"../../../Engine/Plugins/Interchange/Runtime/Content/gltf/MaterialInstances_MR/MI_Opaque_Unlit_TS.uasset" 639
"../../../Engine/Plugins/Interchange/Runtime/Content/gltf/MaterialInstances_MR/MI_Opaque_Unlit_TS.uexp" 640
"../../../Engine/Plugins/Interchange/Runtime/Content/gltf/MaterialInstances_MR/MI_Opaque_Unlit.uasset" 641
"../../../Engine/Plugins/Interchange/Runtime/Content/gltf/MaterialInstances_MR/MI_Opaque_Unlit.uexp" 642
"../../../Engine/Plugins/Interchange/Runtime/Content/gltf/M_Opaque.uasset" 643
"../../../Engine/Plugins/Interchange/Runtime/Content/gltf/M_Opaque.uexp" 644
"../../../Engine/Plugins/Interchange/Runtime/Content/gltf/MaterialInstances_MR/MI_Opaque_TS.uasset" 645
"../../../Engine/Plugins/Interchange/Runtime/Content/gltf/MaterialInstances_MR/MI_Opaque_TS.uexp" 646
"../../../Engine/Plugins/Interchange/Runtime/Content/gltf/MaterialFunctions/MF_Sheen.uasset" 647
"../../../Engine/Plugins/Interchange/Runtime/Content/gltf/MaterialFunctions/MF_Sheen.uexp" 648
"../../../Engine/Content/Functions/Engine_MaterialFunctions01/Shading/FuzzyShading.uasset" 649
"../../../Engine/Content/Functions/Engine_MaterialFunctions01/Shading/FuzzyShading.uexp" 650
"../../../Engine/Plugins/Interchange/Runtime/Content/gltf/M_Sheen.uasset" 651
"../../../Engine/Plugins/Interchange/Runtime/Content/gltf/M_Sheen.uexp" 652
"../../../Engine/Plugins/Interchange/Runtime/Content/gltf/MaterialInstances_MR/MI_Opaque_Sheen_TS.uasset" 653
"../../../Engine/Plugins/Interchange/Runtime/Content/gltf/MaterialInstances_MR/MI_Opaque_Sheen_TS.uexp" 654
"../../../Engine/Plugins/Interchange/Runtime/Content/gltf/MaterialInstances_MR/MI_Opaque_Sheen.uasset" 655
"../../../Engine/Plugins/Interchange/Runtime/Content/gltf/MaterialInstances_MR/MI_Opaque_Sheen.uexp" 656
"../../../Engine/Plugins/Interchange/Runtime/Content/gltf/MaterialInstances_MR/MI_Opaque_ClearCoat_TS.uasset" 657
"../../../Engine/Plugins/Interchange/Runtime/Content/gltf/MaterialInstances_MR/MI_Opaque_ClearCoat_TS.uexp" 658
"../../../Engine/Plugins/Interchange/Runtime/Content/gltf/MaterialInstances_MR/MI_Opaque_ClearCoat.uasset" 659
"../../../Engine/Plugins/Interchange/Runtime/Content/gltf/MaterialInstances_MR/MI_Opaque_ClearCoat.uexp" 660
"../../../Engine/Plugins/Interchange/Runtime/Content/gltf/MaterialInstances_MR/MI_Opaque.uasset" 661
"../../../Engine/Plugins/Interchange/Runtime/Content/gltf/MaterialInstances_MR/MI_Opaque.uexp" 662
"../../../Engine/Plugins/Interchange/Runtime/Content/gltf/MaterialInstances_SG/MI_Transmission_TS.uasset" 663
"../../../Engine/Plugins/Interchange/Runtime/Content/gltf/MaterialInstances_SG/MI_Transmission_TS.uexp" 664
"../../../Engine/Plugins/Interchange/Runtime/Content/gltf/MaterialInstances_SG/MI_Transmission.uasset" 665
"../../../Engine/Plugins/Interchange/Runtime/Content/gltf/MaterialInstances_SG/MI_Transmission.uexp" 666
"../../../Engine/Plugins/Interchange/Runtime/Content/gltf/MaterialInstances_SG/MI_Translucent_TS.uasset" 667
"../../../Engine/Plugins/Interchange/Runtime/Content/gltf/MaterialInstances_SG/MI_Translucent_TS.uexp" 668
"../../../Engine/Plugins/Interchange/Runtime/Content/gltf/MaterialInstances_SG/MI_Translucent_ClearCoat_TS.uasset" 669
"../../../Engine/Plugins/Interchange/Runtime/Content/gltf/MaterialInstances_SG/MI_Translucent_ClearCoat_TS.uexp" 670
"../../../Engine/Plugins/Interchange/Runtime/Content/gltf/MaterialInstances_SG/MI_Translucent_ClearCoat.uasset" 671
"../../../Engine/Plugins/Interchange/Runtime/Content/gltf/MaterialInstances_SG/MI_Translucent_ClearCoat.uexp" 672
"../../../Engine/Plugins/Interchange/Runtime/Content/gltf/MaterialInstances_SG/MI_Translucent.uasset" 673
"../../../Engine/Plugins/Interchange/Runtime/Content/gltf/MaterialInstances_SG/MI_Translucent.uexp" 674
"../../../Engine/Plugins/Interchange/Runtime/Content/gltf/MaterialInstances_SG/MI_Opaque_TS.uasset" 675
"../../../Engine/Plugins/Interchange/Runtime/Content/gltf/MaterialInstances_SG/MI_Opaque_TS.uexp" 676
"../../../Engine/Plugins/Interchange/Runtime/Content/gltf/MaterialInstances_SG/MI_Opaque_Sheen_TS.uasset" 677
"../../../Engine/Plugins/Interchange/Runtime/Content/gltf/MaterialInstances_SG/MI_Opaque_Sheen_TS.uexp" 678
"../../../Engine/Plugins/Interchange/Runtime/Content/gltf/MaterialInstances_SG/MI_Opaque_Sheen.uasset" 679
"../../../Engine/Plugins/Interchange/Runtime/Content/gltf/MaterialInstances_SG/MI_Opaque_Sheen.uexp" 680
"../../../Engine/Plugins/Interchange/Runtime/Content/gltf/MaterialInstances_SG/MI_Opaque_ClearCoat_TS.uasset" 681
"../../../Engine/Plugins/Interchange/Runtime/Content/gltf/MaterialInstances_SG/MI_Opaque_ClearCoat_TS.uexp" 682
"../../../Engine/Plugins/Interchange/Runtime/Content/gltf/MaterialInstances_SG/MI_Opaque_ClearCoat.uasset" 683
"../../../Engine/Plugins/Interchange/Runtime/Content/gltf/MaterialInstances_SG/MI_Opaque_ClearCoat.uexp" 684
"../../../Engine/Plugins/Interchange/Runtime/Content/gltf/MaterialInstances_SG/MI_Opaque.uasset" 685
"../../../Engine/Plugins/Interchange/Runtime/Content/gltf/MaterialInstances_SG/MI_Opaque.uexp" 686
"../../../Engine/Plugins/Interchange/Runtime/Content/gltf/Textures/T_Gray_Linear.uasset" 687
"../../../Engine/Plugins/Interchange/Runtime/Content/gltf/Textures/T_Gray_Linear.uexp" 688
"../../../Engine/Plugins/Interchange/Runtime/Content/gltf/Textures/T_Black_srgb.uasset" 689
"../../../Engine/Plugins/Interchange/Runtime/Content/gltf/Textures/T_Black_srgb.uexp" 690
"../../../Engine/Plugins/Interchange/Runtime/Content/Materials/UnlitMaterial.uasset" 691
"../../../Engine/Plugins/Interchange/Runtime/Content/Materials/UnlitMaterial.uexp" 692
"../../../Engine/Content/EngineMaterials/DefaultNormal.ubulk" 693
"../../../Engine/Content/EngineMaterials/DefaultNormal.uasset" 694
"../../../Engine/Content/EngineMaterials/DefaultNormal.uexp" 695
"../../../Engine/Plugins/Interchange/Runtime/Content/Materials/MapOrScalarFunction.uasset" 696
"../../../Engine/Plugins/Interchange/Runtime/Content/Materials/MapOrScalarFunction.uexp" 697
"../../../Engine/Plugins/Interchange/Runtime/Content/Materials/MapOrLinearColorFunction.uasset" 698
"../../../Engine/Plugins/Interchange/Runtime/Content/Materials/MapOrLinearColorFunction.uexp" 699
"../../../Engine/Plugins/Interchange/Runtime/Content/Materials/MapOrColorFunction.uasset" 700
"../../../Engine/Plugins/Interchange/Runtime/Content/Materials/MapOrColorFunction.uexp" 701
"../../../Engine/Plugins/Interchange/Runtime/Content/Materials/CommonMaterial.uasset" 702
"../../../Engine/Plugins/Interchange/Runtime/Content/Materials/CommonMaterial.uexp" 703
"../../../Engine/Plugins/Interchange/Runtime/Content/Materials/PBRSurfaceFunction.uasset" 704
"../../../Engine/Plugins/Interchange/Runtime/Content/Materials/PBRSurfaceFunction.uexp" 705
"../../../Engine/Plugins/Interchange/Runtime/Content/Materials/ThinTranslucentMaterial.uasset" 706
"../../../Engine/Plugins/Interchange/Runtime/Content/Materials/ThinTranslucentMaterial.uexp" 707
"../../../Engine/Plugins/Interchange/Runtime/Content/Materials/SubsurfaceMaterial.uasset" 708
"../../../Engine/Plugins/Interchange/Runtime/Content/Materials/SubsurfaceMaterial.uexp" 709
"../../../Engine/Plugins/Interchange/Runtime/Content/Materials/SheenMaterial.uasset" 710
"../../../Engine/Plugins/Interchange/Runtime/Content/Materials/SheenMaterial.uexp" 711
"../../../Engine/Content/Functions/Engine_MaterialFunctions01/Shading/ConvertFromDiffSpec.uasset" 712
"../../../Engine/Content/Functions/Engine_MaterialFunctions01/Shading/ConvertFromDiffSpec.uexp" 713
"../../../Engine/Plugins/Interchange/Runtime/Content/Materials/PhongSurfaceMaterial.uasset" 714
"../../../Engine/Plugins/Interchange/Runtime/Content/Materials/PhongSurfaceMaterial.uexp" 715
"../../../Engine/Plugins/Interchange/Runtime/Content/Materials/PBRSurfaceMaterial.uasset" 716
"../../../Engine/Plugins/Interchange/Runtime/Content/Materials/PBRSurfaceMaterial.uexp" 717
"../../../Engine/Content/EngineMaterials/FlatNormal.uasset" 718
"../../../Engine/Content/EngineMaterials/FlatNormal.uexp" 719
"../../../Engine/Content/EditorLandscapeResources/WhiteSquareTexture.uasset" 720
"../../../Engine/Content/EditorLandscapeResources/WhiteSquareTexture.uexp" 721
"../../../Engine/Plugins/Interchange/Runtime/Content/Materials/OrenNayerMaterial.uasset" 722
"../../../Engine/Plugins/Interchange/Runtime/Content/Materials/OrenNayerMaterial.uexp" 723
"../../../Engine/Plugins/Interchange/Runtime/Content/Materials/LambertSurfaceMaterial.uasset" 724
"../../../Engine/Plugins/Interchange/Runtime/Content/Materials/LambertSurfaceMaterial.uexp" 725
"../../../Engine/Plugins/Interchange/Runtime/Content/Materials/ClearCoatMaterial.uasset" 726
"../../../Engine/Plugins/Interchange/Runtime/Content/Materials/ClearCoatMaterial.uexp" 727
"../../../Engine/Plugins/Interchange/Runtime/Content/Pipelines/DefaultTexturePipeline.uasset" 728
"../../../Engine/Plugins/Interchange/Runtime/Content/Pipelines/DefaultTexturePipeline.uexp" 729
"../../../Engine/Plugins/Interchange/Runtime/Content/Pipelines/DefaultSceneLevelPipeline.uasset" 730
"../../../Engine/Plugins/Interchange/Runtime/Content/Pipelines/DefaultSceneLevelPipeline.uexp" 731
"../../../Engine/Plugins/Interchange/Runtime/Content/Pipelines/DefaultSceneAssetsPipeline.uasset" 732
"../../../Engine/Plugins/Interchange/Runtime/Content/Pipelines/DefaultSceneAssetsPipeline.uexp" 733
"../../../Engine/Plugins/Interchange/Runtime/Content/Pipelines/DefaultMaterialPipeline.uasset" 734
"../../../Engine/Plugins/Interchange/Runtime/Content/Pipelines/DefaultMaterialPipeline.uexp" 735
"../../../Engine/Plugins/Interchange/Runtime/Content/Pipelines/DefaultAssetsPipeline.uasset" 736
"../../../Engine/Plugins/Interchange/Runtime/Content/Pipelines/DefaultAssetsPipeline.uexp" 737
"../../../Engine/Plugins/Runtime/MeshModelingToolset/Content/Materials/M_DynamicMeshComponentVtxColor.uasset" 738
"../../../Engine/Plugins/Runtime/MeshModelingToolset/Content/Materials/M_DynamicMeshComponentVtxColor.uexp" 739
"C:/Users/pucil/Desktop/LightSouls/Content/Input/IA_Look.uasset" 740
"C:/Users/pucil/Desktop/LightSouls/Content/Input/IA_Look.uexp" 741
"C:/Users/pucil/Desktop/LightSouls/Content/Input/IA_Roll.uasset" 742
"C:/Users/pucil/Desktop/LightSouls/Content/Input/IA_Roll.uexp" 743
"C:/Users/pucil/Desktop/LightSouls/Content/Input/IA_LightAttack.uasset" 744
"C:/Users/pucil/Desktop/LightSouls/Content/Input/IA_LightAttack.uexp" 745
"C:/Users/pucil/Desktop/LightSouls/Content/Input/IA_Walk.uasset" 746
"C:/Users/pucil/Desktop/LightSouls/Content/Input/IA_Walk.uexp" 747
"C:/Users/pucil/Desktop/LightSouls/Content/Input/IA_LockCamera.uasset" 748
"C:/Users/pucil/Desktop/LightSouls/Content/Input/IA_LockCamera.uexp" 749
"C:/Users/pucil/Desktop/LightSouls/Content/Input/IMC_Player.uasset" 750
"C:/Users/pucil/Desktop/LightSouls/Content/Input/IMC_Player.uexp" 751
"../../../Engine/Content/Maps/Entry_BuiltData.uasset" 752
"../../../Engine/Content/Maps/Entry_BuiltData.uexp" 753
"../../../Engine/Content/Maps/Entry.uexp" 754
"../../../Engine/Content/Maps/Entry.umap" 755
"C:/Users/pucil/Desktop/LightSouls/Content/SoulCave/Environment/Textures/Rock/T_Cave_Rock_Medium_N.ubulk" 756
"C:/Users/pucil/Desktop/LightSouls/Content/SoulCave/Environment/Textures/Rock/T_Cave_Rock_Medium_N.uasset" 757
"C:/Users/pucil/Desktop/LightSouls/Content/SoulCave/Environment/Textures/Rock/T_Cave_Rock_Medium_N.uexp" 758
"C:/Users/pucil/Desktop/LightSouls/Content/SoulCave/Environment/Materials/MaterialLayers/MF_Solid_Color.uasset" 759
"C:/Users/pucil/Desktop/LightSouls/Content/SoulCave/Environment/Materials/MaterialLayers/MF_Solid_Color.uexp" 760
"C:/Users/pucil/Desktop/LightSouls/Content/SoulCave/Environment/Textures/Rock/T_Cave_Rock_01_N.ubulk" 761
"C:/Users/pucil/Desktop/LightSouls/Content/SoulCave/Environment/Textures/Rock/T_Cave_Rock_01_N.uasset" 762
"C:/Users/pucil/Desktop/LightSouls/Content/SoulCave/Environment/Textures/Rock/T_Cave_Rock_01_N.uexp" 763
"C:/Users/pucil/Desktop/LightSouls/Content/SoulCave/Environment/Textures/Rock/T_Cave_Rock_01_D.ubulk" 764
"C:/Users/pucil/Desktop/LightSouls/Content/SoulCave/Environment/Textures/Rock/T_Cave_Rock_01_D.uasset" 765
"C:/Users/pucil/Desktop/LightSouls/Content/SoulCave/Environment/Textures/Rock/T_Cave_Rock_01_D.uexp" 766
"C:/Users/pucil/Desktop/LightSouls/Content/SoulCave/Environment/Materials/Rocks/MF_Cave_Rock01.uasset" 767
"C:/Users/pucil/Desktop/LightSouls/Content/SoulCave/Environment/Materials/Rocks/MF_Cave_Rock01.uexp" 768
"../../../Engine/Content/Functions/Engine_MaterialFunctions02/Utility/BlendAngleCorrectedNormals.uasset" 769
"../../../Engine/Content/Functions/Engine_MaterialFunctions02/Utility/BlendAngleCorrectedNormals.uexp" 770
"C:/Users/pucil/Desktop/LightSouls/Content/SoulCave/Environment/Textures/Rock/T_Cave_Rock_Stalactite_M.ubulk" 771
"C:/Users/pucil/Desktop/LightSouls/Content/SoulCave/Environment/Textures/Rock/T_Cave_Rock_Stalactite_M.uasset" 772
"C:/Users/pucil/Desktop/LightSouls/Content/SoulCave/Environment/Textures/Rock/T_Cave_Rock_Stalactite_M.uexp" 773
"C:/Users/pucil/Desktop/LightSouls/Content/SoulCave/Environment/Materials/Functions/MF_Wetness.uasset" 774
"C:/Users/pucil/Desktop/LightSouls/Content/SoulCave/Environment/Materials/Functions/MF_Wetness.uexp" 775
"C:/Users/pucil/Desktop/LightSouls/Content/SoulCave/Environment/Materials/Functions/MF_FuzzyShading_JM.uasset" 776
"C:/Users/pucil/Desktop/LightSouls/Content/SoulCave/Environment/Materials/Functions/MF_FuzzyShading_JM.uexp" 777
"../../../Engine/Content/Functions/MaterialLayerFunctions/MatLayerBlend_Standard.uasset" 778
"../../../Engine/Content/Functions/MaterialLayerFunctions/MatLayerBlend_Standard.uexp" 779
"C:/Users/pucil/Desktop/LightSouls/Content/SoulCave/Environment/Textures/Rock/T_Cave_Rock_Stalactite_N.ubulk" 780
"C:/Users/pucil/Desktop/LightSouls/Content/SoulCave/Environment/Textures/Rock/T_Cave_Rock_Stalactite_N.uasset" 781
"C:/Users/pucil/Desktop/LightSouls/Content/SoulCave/Environment/Textures/Rock/T_Cave_Rock_Stalactite_N.uexp" 782
"../../../Engine/Content/Functions/MaterialLayerFunctions/MatLayerBlend_AO.uasset" 783
"../../../Engine/Content/Functions/MaterialLayerFunctions/MatLayerBlend_AO.uexp" 784
"../../../Engine/Content/Functions/MaterialLayerFunctions/MatLayerBlend_BakedNormal.uasset" 785
"../../../Engine/Content/Functions/MaterialLayerFunctions/MatLayerBlend_BakedNormal.uexp" 786
"C:/Users/pucil/Desktop/LightSouls/Content/SoulCave/Environment/Textures/Rock/T_Cave_Rock_Detail_D.ubulk" 787
"C:/Users/pucil/Desktop/LightSouls/Content/SoulCave/Environment/Textures/Rock/T_Cave_Rock_Detail_D.uasset" 788
"C:/Users/pucil/Desktop/LightSouls/Content/SoulCave/Environment/Textures/Rock/T_Cave_Rock_Detail_D.uexp" 789
"C:/Users/pucil/Desktop/LightSouls/Content/SoulCave/Environment/Materials/Rocks/MF_Cave_Rock02.uasset" 790
"C:/Users/pucil/Desktop/LightSouls/Content/SoulCave/Environment/Materials/Rocks/MF_Cave_Rock02.uexp" 791
"C:/Users/pucil/Desktop/LightSouls/Content/SoulCave/Environment/Materials/Rocks/M_Cave_Rock_MASTER.uasset" 792
"C:/Users/pucil/Desktop/LightSouls/Content/SoulCave/Environment/Materials/Rocks/M_Cave_Rock_MASTER.uexp" 793
"C:/Users/pucil/Desktop/LightSouls/Content/SoulCave/Environment/Textures/Rock/T_Cave_Rock_Medium_M.ubulk" 794
"C:/Users/pucil/Desktop/LightSouls/Content/SoulCave/Environment/Textures/Rock/T_Cave_Rock_Medium_M.uasset" 795
"C:/Users/pucil/Desktop/LightSouls/Content/SoulCave/Environment/Textures/Rock/T_Cave_Rock_Medium_M.uexp" 796
"C:/Users/pucil/Desktop/LightSouls/Content/SoulCave/Environment/Materials/Rocks/MI_Cave_Rock_Medium.uasset" 797
"C:/Users/pucil/Desktop/LightSouls/Content/SoulCave/Environment/Materials/Rocks/MI_Cave_Rock_Medium.uexp" 798
"C:/Users/pucil/Desktop/LightSouls/Content/SoulCave/Environment/Meshes/Rocks/SM_Cave_Rock_Medium02.ubulk" 799
"C:/Users/pucil/Desktop/LightSouls/Content/SoulCave/Environment/Meshes/Rocks/SM_Cave_Rock_Medium02.uasset" 800
"C:/Users/pucil/Desktop/LightSouls/Content/SoulCave/Environment/Meshes/Rocks/SM_Cave_Rock_Medium02.uexp" 801
"../../../Engine/Content/EngineSky/T_Sky_Stars.ubulk" 802
"../../../Engine/Content/EngineSky/T_Sky_Stars.uasset" 803
"../../../Engine/Content/EngineSky/T_Sky_Stars.uexp" 804
"../../../Engine/Content/EngineSky/T_Sky_Clouds_M.ubulk" 805
"../../../Engine/Content/EngineSky/T_Sky_Clouds_M.uasset" 806
"../../../Engine/Content/EngineSky/T_Sky_Clouds_M.uexp" 807
"../../../Engine/Content/EngineSky/T_Sky_Blue.ubulk" 808
"../../../Engine/Content/EngineSky/T_Sky_Blue.uasset" 809
"../../../Engine/Content/EngineSky/T_Sky_Blue.uexp" 810
"../../../Engine/Content/EngineSky/M_Sky_Panning_Clouds2.uasset" 811
"../../../Engine/Content/EngineSky/M_Sky_Panning_Clouds2.uexp" 812
"../../../Engine/Content/EngineSky/SM_SkySphere.ubulk" 813
"../../../Engine/Content/EngineSky/SM_SkySphere.uasset" 814
"../../../Engine/Content/EngineSky/SM_SkySphere.uexp" 815
"../../../Engine/Content/Functions/MaterialLayerFunctions/MatLayerBlend_Tint.uasset" 816
"../../../Engine/Content/Functions/MaterialLayerFunctions/MatLayerBlend_Tint.uexp" 817
"C:/Users/pucil/Desktop/LightSouls/Content/SoulCave/Environment/Textures/Rock/T_Cave_Mud_N.ubulk" 818
"C:/Users/pucil/Desktop/LightSouls/Content/SoulCave/Environment/Textures/Rock/T_Cave_Mud_N.uasset" 819
"C:/Users/pucil/Desktop/LightSouls/Content/SoulCave/Environment/Textures/Rock/T_Cave_Mud_N.uexp" 820
"C:/Users/pucil/Desktop/LightSouls/Content/SoulCave/Environment/Textures/Rock/T_Cave_Mud_D.ubulk" 821
"C:/Users/pucil/Desktop/LightSouls/Content/SoulCave/Environment/Textures/Rock/T_Cave_Mud_D.uasset" 822
"C:/Users/pucil/Desktop/LightSouls/Content/SoulCave/Environment/Textures/Rock/T_Cave_Mud_D.uexp" 823
"C:/Users/pucil/Desktop/LightSouls/Content/SoulCave/Environment/Materials/Functions/MF_Mud_Wet_JM.uasset" 824
"C:/Users/pucil/Desktop/LightSouls/Content/SoulCave/Environment/Materials/Functions/MF_Mud_Wet_JM.uexp" 825
"C:/Users/pucil/Desktop/LightSouls/Content/SoulCave/Environment/Materials/Functions/MF_GroundWetnessAlpha_JM.uasset" 826
"C:/Users/pucil/Desktop/LightSouls/Content/SoulCave/Environment/Materials/Functions/MF_GroundWetnessAlpha_JM.uexp" 827
"C:/Users/pucil/Desktop/LightSouls/Content/SoulCave/Environment/Textures/Nature/T_Cave_Dirt_D.ubulk" 828
"C:/Users/pucil/Desktop/LightSouls/Content/SoulCave/Environment/Textures/Nature/T_Cave_Dirt_D.uasset" 829
"C:/Users/pucil/Desktop/LightSouls/Content/SoulCave/Environment/Textures/Nature/T_Cave_Dirt_D.uexp" 830
"C:/Users/pucil/Desktop/LightSouls/Content/SoulCave/Environment/Textures/Nature/T_Cave_Dirt_N.ubulk" 831
"C:/Users/pucil/Desktop/LightSouls/Content/SoulCave/Environment/Textures/Nature/T_Cave_Dirt_N.uasset" 832
"C:/Users/pucil/Desktop/LightSouls/Content/SoulCave/Environment/Textures/Nature/T_Cave_Dirt_N.uexp" 833
"C:/Users/pucil/Desktop/LightSouls/Content/SoulCave/Environment/Materials/Functions/MF_Dirt_Wet_JM.uasset" 834
"C:/Users/pucil/Desktop/LightSouls/Content/SoulCave/Environment/Materials/Functions/MF_Dirt_Wet_JM.uexp" 835
"C:/Users/pucil/Desktop/LightSouls/Content/SoulCave/Environment/Materials/Functions/MF_VertexBlend_JM.uasset" 836
"C:/Users/pucil/Desktop/LightSouls/Content/SoulCave/Environment/Materials/Functions/MF_VertexBlend_JM.uexp" 837
"C:/Users/pucil/Desktop/LightSouls/Content/SoulCave/Environment/Materials/Rocks/M_Cave_Ground_MASTER.uasset" 838
"C:/Users/pucil/Desktop/LightSouls/Content/SoulCave/Environment/Materials/Rocks/M_Cave_Ground_MASTER.uexp" 839
"C:/Users/pucil/Desktop/LightSouls/Content/SoulCave/Environment/Materials/Rocks/MI_Cave_Ground_MASTER.uasset" 840
"C:/Users/pucil/Desktop/LightSouls/Content/SoulCave/Environment/Materials/Rocks/MI_Cave_Ground_MASTER.uexp" 841
"C:/Users/pucil/Desktop/LightSouls/Content/Characters/Knight/SKEL_TPose.uasset" 842
"C:/Users/pucil/Desktop/LightSouls/Content/Characters/Knight/SKEL_TPose.uexp" 843
"../../../Engine/Content/Animation/DefaultAnimCurveCompressionSettings.uasset" 844
"../../../Engine/Content/Animation/DefaultAnimCurveCompressionSettings.uexp" 845
"../../../Engine/Content/Animation/DefaultAnimBoneCompressionSettings.uasset" 846
"../../../Engine/Content/Animation/DefaultAnimBoneCompressionSettings.uexp" 847
"C:/Users/pucil/Desktop/LightSouls/Content/Animations/Sequences/AS_WalkForward.uasset" 848
"C:/Users/pucil/Desktop/LightSouls/Content/Animations/Sequences/AS_WalkForward.uexp" 849
"C:/Users/pucil/Desktop/LightSouls/Content/Animations/Sequences/AS_RunForward.uasset" 850
"C:/Users/pucil/Desktop/LightSouls/Content/Animations/Sequences/AS_RunForward.uexp" 851
"C:/Users/pucil/Desktop/LightSouls/Content/Animations/BlendSpaces/BS_KnightWalkRun.uasset" 852
"C:/Users/pucil/Desktop/LightSouls/Content/Animations/BlendSpaces/BS_KnightWalkRun.uexp" 853
"C:/Users/pucil/Desktop/LightSouls/Content/Animations/Sequences/StandingIdle/AS_StandingIdle1.uasset" 854
"C:/Users/pucil/Desktop/LightSouls/Content/Animations/Sequences/StandingIdle/AS_StandingIdle1.uexp" 855
"C:/Users/pucil/Desktop/LightSouls/Content/Animations/AnimationBlueprints/ABP_Knight.uasset" 856
"C:/Users/pucil/Desktop/LightSouls/Content/Animations/AnimationBlueprints/ABP_Knight.uexp" 857
"C:/Users/pucil/Desktop/LightSouls/Content/Animations/Sequences/AS_Impact.uasset" 858
"C:/Users/pucil/Desktop/LightSouls/Content/Animations/Sequences/AS_Impact.uexp" 859
"C:/Users/pucil/Desktop/LightSouls/Content/Animations/Montages/AM_Impact.uasset" 860
"C:/Users/pucil/Desktop/LightSouls/Content/Animations/Montages/AM_Impact.uexp" 861
"C:/Users/pucil/Desktop/LightSouls/Content/Blueprints/Widgets/WBP_HealthBar.uasset" 862
"C:/Users/pucil/Desktop/LightSouls/Content/Blueprints/Widgets/WBP_HealthBar.uexp" 863
"../../../Engine/Content/EngineMaterials/BlendFunc_DefBlend.uasset" 864
"../../../Engine/Content/EngineMaterials/BlendFunc_DefBlend.uexp" 865
"../../../Engine/Content/EngineMaterials/BlendFunc_DefBase.uasset" 866
"../../../Engine/Content/EngineMaterials/BlendFunc_DefBase.uexp" 867
"../../../Engine/Content/Functions/Engine_MaterialFunctions03/Blends/Blend_Overlay.uasset" 868
"../../../Engine/Content/Functions/Engine_MaterialFunctions03/Blends/Blend_Overlay.uexp" 869
"C:/Users/pucil/Desktop/LightSouls/Content/Characters/Knight/T_PaladinNormal.ubulk" 870
"C:/Users/pucil/Desktop/LightSouls/Content/Characters/Knight/T_PaladinNormal.uasset" 871
"C:/Users/pucil/Desktop/LightSouls/Content/Characters/Knight/T_PaladinNormal.uexp" 872
"C:/Users/pucil/Desktop/LightSouls/Content/Characters/Knight/T_PaladinSpecular.ubulk" 873
"C:/Users/pucil/Desktop/LightSouls/Content/Characters/Knight/T_PaladinSpecular.uasset" 874
"C:/Users/pucil/Desktop/LightSouls/Content/Characters/Knight/T_PaladinSpecular.uexp" 875
"C:/Users/pucil/Desktop/LightSouls/Content/Characters/Knight/T_PaladinDiffuse.ubulk" 876
"C:/Users/pucil/Desktop/LightSouls/Content/Characters/Knight/T_PaladinDiffuse.uasset" 877
"C:/Users/pucil/Desktop/LightSouls/Content/Characters/Knight/T_PaladinDiffuse.uexp" 878
"C:/Users/pucil/Desktop/LightSouls/Content/Characters/Knight/M_PaladinRed.uasset" 879
"C:/Users/pucil/Desktop/LightSouls/Content/Characters/Knight/M_PaladinRed.uexp" 880
"C:/Users/pucil/Desktop/LightSouls/Content/Characters/Knight/PHYS_Paladin.uasset" 881
"C:/Users/pucil/Desktop/LightSouls/Content/Characters/Knight/PHYS_Paladin.uexp" 882
"C:/Users/pucil/Desktop/LightSouls/Content/Characters/Knight/SK_Paladin.uasset" 883
"C:/Users/pucil/Desktop/LightSouls/Content/Characters/Knight/SK_Paladin.uexp" 884
"C:/Users/pucil/Desktop/LightSouls/Content/Realistic_Starter_VFX_Pack_Vol2/Textures/T_Splash_A.ubulk" 885
"C:/Users/pucil/Desktop/LightSouls/Content/Realistic_Starter_VFX_Pack_Vol2/Textures/T_Splash_A.uasset" 886
"C:/Users/pucil/Desktop/LightSouls/Content/Realistic_Starter_VFX_Pack_Vol2/Textures/T_Splash_A.uexp" 887
"C:/Users/pucil/Desktop/LightSouls/Content/Realistic_Starter_VFX_Pack_Vol2/Materials/M_Blood_C.uasset" 888
"C:/Users/pucil/Desktop/LightSouls/Content/Realistic_Starter_VFX_Pack_Vol2/Materials/M_Blood_C.uexp" 889
"C:/Users/pucil/Desktop/LightSouls/Content/Realistic_Starter_VFX_Pack_Vol2/Textures/T_Dirt_C.ubulk" 890
"C:/Users/pucil/Desktop/LightSouls/Content/Realistic_Starter_VFX_Pack_Vol2/Textures/T_Dirt_C.uasset" 891
"C:/Users/pucil/Desktop/LightSouls/Content/Realistic_Starter_VFX_Pack_Vol2/Textures/T_Dirt_C.uexp" 892
"C:/Users/pucil/Desktop/LightSouls/Content/Realistic_Starter_VFX_Pack_Vol2/Materials/M_Dirt_A.uasset" 893
"C:/Users/pucil/Desktop/LightSouls/Content/Realistic_Starter_VFX_Pack_Vol2/Materials/M_Dirt_A.uexp" 894
"../../../Engine/Content/Functions/Engine_MaterialFunctions01/Density/ExponentialDensity.uasset" 895
"../../../Engine/Content/Functions/Engine_MaterialFunctions01/Density/ExponentialDensity.uexp" 896
"../../../Engine/Content/Functions/Engine_MaterialFunctions01/Gradient/RadialGradientExponential.uasset" 897
"../../../Engine/Content/Functions/Engine_MaterialFunctions01/Gradient/RadialGradientExponential.uexp" 898
"C:/Users/pucil/Desktop/LightSouls/Content/Realistic_Starter_VFX_Pack_Vol2/Materials/M_Snow.uasset" 899
"C:/Users/pucil/Desktop/LightSouls/Content/Realistic_Starter_VFX_Pack_Vol2/Materials/M_Snow.uexp" 900
"C:/Users/pucil/Desktop/LightSouls/Content/Realistic_Starter_VFX_Pack_Vol2/Textures/T_Smoke_B.ubulk" 901
"C:/Users/pucil/Desktop/LightSouls/Content/Realistic_Starter_VFX_Pack_Vol2/Textures/T_Smoke_B.uasset" 902
"C:/Users/pucil/Desktop/LightSouls/Content/Realistic_Starter_VFX_Pack_Vol2/Textures/T_Smoke_B.uexp" 903
"C:/Users/pucil/Desktop/LightSouls/Content/Realistic_Starter_VFX_Pack_Vol2/Materials/M_Smoke_A.uasset" 904
"C:/Users/pucil/Desktop/LightSouls/Content/Realistic_Starter_VFX_Pack_Vol2/Materials/M_Smoke_A.uexp" 905
"C:/Users/pucil/Desktop/LightSouls/Content/Realistic_Starter_VFX_Pack_Vol2/Particles/Blood/P_Blood_Splat_Cone.uasset" 906
"C:/Users/pucil/Desktop/LightSouls/Content/Realistic_Starter_VFX_Pack_Vol2/Particles/Blood/P_Blood_Splat_Cone.uexp" 907
"C:/Users/pucil/Desktop/LightSouls/Content/Blueprints/BP_SpawnBloodParticle.uasset" 908
"C:/Users/pucil/Desktop/LightSouls/Content/Blueprints/BP_SpawnBloodParticle.uexp" 909
"C:/Users/pucil/Desktop/LightSouls/Content/Animations/Sequences/AS_Death.uasset" 910
"C:/Users/pucil/Desktop/LightSouls/Content/Animations/Sequences/AS_Death.uexp" 911
"C:/Users/pucil/Desktop/LightSouls/Content/Animations/Montages/AM_Death.uasset" 912
"C:/Users/pucil/Desktop/LightSouls/Content/Animations/Montages/AM_Death.uexp" 913
"C:/Users/pucil/Desktop/LightSouls/Content/Blueprints/BP_Enemy.uasset" 914
"C:/Users/pucil/Desktop/LightSouls/Content/Blueprints/BP_Enemy.uexp" 915
"C:/Users/pucil/Desktop/LightSouls/Content/Blueprints/Widgets/WBP_HUD.uasset" 916
"C:/Users/pucil/Desktop/LightSouls/Content/Blueprints/Widgets/WBP_HUD.uexp" 917
"C:/Users/pucil/Desktop/LightSouls/Content/Blueprints/BP_PlayerController.uasset" 918
"C:/Users/pucil/Desktop/LightSouls/Content/Blueprints/BP_PlayerController.uexp" 919
"C:/Users/pucil/Desktop/LightSouls/Content/Animations/Sequences/AS_LightAttack.uasset" 920
"C:/Users/pucil/Desktop/LightSouls/Content/Animations/Sequences/AS_LightAttack.uexp" 921
"C:/Users/pucil/Desktop/LightSouls/Content/Animations/Montages/AM_LightAttack.uasset" 922
"C:/Users/pucil/Desktop/LightSouls/Content/Animations/Montages/AM_LightAttack.uexp" 923
"C:/Users/pucil/Desktop/LightSouls/Content/Curves/RollForce.uasset" 924
"C:/Users/pucil/Desktop/LightSouls/Content/Curves/RollForce.uexp" 925
"C:/Users/pucil/Desktop/LightSouls/Content/Animations/Sequences/AS_Roll.uasset" 926
"C:/Users/pucil/Desktop/LightSouls/Content/Animations/Sequences/AS_Roll.uexp" 927
"C:/Users/pucil/Desktop/LightSouls/Content/Animations/Montages/AM_Roll.uasset" 928
"C:/Users/pucil/Desktop/LightSouls/Content/Animations/Montages/AM_Roll.uexp" 929
"C:/Users/pucil/Desktop/LightSouls/Content/Characters/Knight/PHYS_PaladinWithProps.uasset" 930
"C:/Users/pucil/Desktop/LightSouls/Content/Characters/Knight/PHYS_PaladinWithProps.uexp" 931
"C:/Users/pucil/Desktop/LightSouls/Content/Characters/Knight/M_Paladin.uasset" 932
"C:/Users/pucil/Desktop/LightSouls/Content/Characters/Knight/M_Paladin.uexp" 933
"C:/Users/pucil/Desktop/LightSouls/Content/Characters/Knight/SK_PaladinWithProps.uasset" 934
"C:/Users/pucil/Desktop/LightSouls/Content/Characters/Knight/SK_PaladinWithProps.uexp" 935
"C:/Users/pucil/Desktop/LightSouls/Content/Blueprints/BP_Player.uasset" 936
"C:/Users/pucil/Desktop/LightSouls/Content/Blueprints/BP_Player.uexp" 937
"C:/Users/pucil/Desktop/LightSouls/Content/Blueprints/BP_TestGM.uasset" 938
"C:/Users/pucil/Desktop/LightSouls/Content/Blueprints/BP_TestGM.uexp" 939
"C:/Users/pucil/Desktop/LightSouls/Content/SoulCave/Environment/Meshes/Rocks/SM_Cave_Rock_Medium01.ubulk" 940
"C:/Users/pucil/Desktop/LightSouls/Content/SoulCave/Environment/Meshes/Rocks/SM_Cave_Rock_Medium01.uasset" 941
"C:/Users/pucil/Desktop/LightSouls/Content/SoulCave/Environment/Meshes/Rocks/SM_Cave_Rock_Medium01.uexp" 942
"C:/Users/pucil/Desktop/LightSouls/Content/SoulCave/Environment/Textures/Rock/T_Cave_Rock_Path_M.ubulk" 943
"C:/Users/pucil/Desktop/LightSouls/Content/SoulCave/Environment/Textures/Rock/T_Cave_Rock_Path_M.uasset" 944
"C:/Users/pucil/Desktop/LightSouls/Content/SoulCave/Environment/Textures/Rock/T_Cave_Rock_Path_M.uexp" 945
"C:/Users/pucil/Desktop/LightSouls/Content/SoulCave/Environment/Textures/Rock/T_Cave_Rock_Path_N.ubulk" 946
"C:/Users/pucil/Desktop/LightSouls/Content/SoulCave/Environment/Textures/Rock/T_Cave_Rock_Path_N.uasset" 947
"C:/Users/pucil/Desktop/LightSouls/Content/SoulCave/Environment/Textures/Rock/T_Cave_Rock_Path_N.uexp" 948
"C:/Users/pucil/Desktop/LightSouls/Content/SoulCave/Environment/PhysicalMaterials/Stone.uasset" 949
"C:/Users/pucil/Desktop/LightSouls/Content/SoulCave/Environment/PhysicalMaterials/Stone.uexp" 950
"C:/Users/pucil/Desktop/LightSouls/Content/SoulCave/Environment/Materials/Rocks/MI_Cave_Rock_Path.uasset" 951
"C:/Users/pucil/Desktop/LightSouls/Content/SoulCave/Environment/Materials/Rocks/MI_Cave_Rock_Path.uexp" 952
"C:/Users/pucil/Desktop/LightSouls/Content/SoulCave/Environment/Meshes/Rocks/SM_Cave_Rock_Path_Single.ubulk" 953
"C:/Users/pucil/Desktop/LightSouls/Content/SoulCave/Environment/Meshes/Rocks/SM_Cave_Rock_Path_Single.uasset" 954
"C:/Users/pucil/Desktop/LightSouls/Content/SoulCave/Environment/Meshes/Rocks/SM_Cave_Rock_Path_Single.uexp" 955
"C:/Users/pucil/Desktop/LightSouls/Content/SoulCave/Environment/Meshes/Rocks/SM_RockRamp_Curved_03.ubulk" 956
"C:/Users/pucil/Desktop/LightSouls/Content/SoulCave/Environment/Meshes/Rocks/SM_RockRamp_Curved_03.uasset" 957
"C:/Users/pucil/Desktop/LightSouls/Content/SoulCave/Environment/Meshes/Rocks/SM_RockRamp_Curved_03.uexp" 958
"../../../Engine/Content/EngineSky/M_SimpleSkyDome.uasset" 959
"../../../Engine/Content/EngineSky/M_SimpleSkyDome.uexp" 960
"C:/Users/pucil/Desktop/LightSouls/Content/SoulCave/Environment/Textures/Rock/T_Cave_Rock_Large02_N.ubulk" 961
"C:/Users/pucil/Desktop/LightSouls/Content/SoulCave/Environment/Textures/Rock/T_Cave_Rock_Large02_N.uasset" 962
"C:/Users/pucil/Desktop/LightSouls/Content/SoulCave/Environment/Textures/Rock/T_Cave_Rock_Large02_N.uexp" 963
"C:/Users/pucil/Desktop/LightSouls/Content/SoulCave/Environment/Textures/Rock/T_Cave_Rock_Large02_M.ubulk" 964
"C:/Users/pucil/Desktop/LightSouls/Content/SoulCave/Environment/Textures/Rock/T_Cave_Rock_Large02_M.uasset" 965
"C:/Users/pucil/Desktop/LightSouls/Content/SoulCave/Environment/Textures/Rock/T_Cave_Rock_Large02_M.uexp" 966
"C:/Users/pucil/Desktop/LightSouls/Content/SoulCave/Environment/Materials/Rocks/MI_Cave_Rock_Large02.uasset" 967
"C:/Users/pucil/Desktop/LightSouls/Content/SoulCave/Environment/Materials/Rocks/MI_Cave_Rock_Large02.uexp" 968
"C:/Users/pucil/Desktop/LightSouls/Content/SoulCave/Environment/Meshes/Rocks/SM_Cave_Rock_Large02.ubulk" 969
"C:/Users/pucil/Desktop/LightSouls/Content/SoulCave/Environment/Meshes/Rocks/SM_Cave_Rock_Large02.uasset" 970
"C:/Users/pucil/Desktop/LightSouls/Content/SoulCave/Environment/Meshes/Rocks/SM_Cave_Rock_Large02.uexp" 971
"C:/Users/pucil/Desktop/LightSouls/Content/SoulCave/Environment/Textures/Rock/T_Cave_Rock_Large_N.ubulk" 972
"C:/Users/pucil/Desktop/LightSouls/Content/SoulCave/Environment/Textures/Rock/T_Cave_Rock_Large_N.uasset" 973
"C:/Users/pucil/Desktop/LightSouls/Content/SoulCave/Environment/Textures/Rock/T_Cave_Rock_Large_N.uexp" 974
"C:/Users/pucil/Desktop/LightSouls/Content/SoulCave/Environment/Textures/Rock/T_Cave_Rock_Large_M.ubulk" 975
"C:/Users/pucil/Desktop/LightSouls/Content/SoulCave/Environment/Textures/Rock/T_Cave_Rock_Large_M.uasset" 976
"C:/Users/pucil/Desktop/LightSouls/Content/SoulCave/Environment/Textures/Rock/T_Cave_Rock_Large_M.uexp" 977
"C:/Users/pucil/Desktop/LightSouls/Content/SoulCave/Environment/Materials/Rocks/MI_Cave_Rock_Large.uasset" 978
"C:/Users/pucil/Desktop/LightSouls/Content/SoulCave/Environment/Materials/Rocks/MI_Cave_Rock_Large.uexp" 979
"C:/Users/pucil/Desktop/LightSouls/Content/SoulCave/Environment/Meshes/Rocks/SM_Cave_Rock_Large01_REDO.ubulk" 980
"C:/Users/pucil/Desktop/LightSouls/Content/SoulCave/Environment/Meshes/Rocks/SM_Cave_Rock_Large01_REDO.uasset" 981
"C:/Users/pucil/Desktop/LightSouls/Content/SoulCave/Environment/Meshes/Rocks/SM_Cave_Rock_Large01_REDO.uexp" 982
"C:/Users/pucil/Desktop/LightSouls/Content/SoulCave/Environment/Meshes/Nature/SM_Ground_Plane_Warble.ubulk" 983
"C:/Users/pucil/Desktop/LightSouls/Content/SoulCave/Environment/Meshes/Nature/SM_Ground_Plane_Warble.uasset" 984
"C:/Users/pucil/Desktop/LightSouls/Content/SoulCave/Environment/Meshes/Nature/SM_Ground_Plane_Warble.uexp" 985
"C:/Users/pucil/Desktop/LightSouls/Content/Maps/Arena_BuiltData.ubulk" 986
"C:/Users/pucil/Desktop/LightSouls/Content/Maps/Arena_BuiltData.uasset" 987
"C:/Users/pucil/Desktop/LightSouls/Content/Maps/Arena_BuiltData.uexp" 988
"C:/Users/pucil/Desktop/LightSouls/Content/Maps/Arena.uexp" 989
"C:/Users/pucil/Desktop/LightSouls/Content/Maps/Arena.umap" 990
